
> vue-social@0.1.0 serve /root/social-network/vue-social
> vue-cli-service serve

 INFO  Starting development server...
<s> [webpack.Progress] 0% compiling
<s> [webpack.Progress] 10% building 0/0 modules 0 active 
<s> [webpack.Progress] 10% building 0/1 modules 1 active multi /root/social-network/vue-social/node_modules/webpack-dev-server/client/index.js?http://localhost:8081&sockPath=/sockjs-node /root/social-network/vue-social/node_modules/webpack/hot/dev-server.js ./src/main.js
<s> [webpack.Progress] 10% building 1/1 modules 0 active 
<s> [webpack.Progress] 10% building 1/1 modules 0 active 
<s> [webpack.Progress] 10% building 1/2 modules 1 active multi /root/social-network/vue-social/node_modules/webpack/hot/dev-server.js /root/social-network/vue-social/node_modules/webpack-dev-server/client/index.js?http://localhost:8081&sockPath=/sockjs-node ./src/main.js
<s> [webpack.Progress] 10% building 2/2 modules 0 active 
<s> [webpack.Progress] 10% building 2/3 modules 1 active /root/social-network/vue-social/node_modules/webpack-dev-server/client/index.js?http://localhost:8081&sockPath=/sockjs-node
<s> [webpack.Progress] 10% building 2/4 modules 2 active /root/social-network/vue-social/node_modules/webpack/hot/dev-server.js
<s> [webpack.Progress] 10% building 2/5 modules 3 active /root/social-network/vue-social/node_modules/cache-loader/dist/cjs.js??ref--12-0!/root/social-network/vue-social/node_modules/babel-loader/lib/index.js!/root/social-network/vue-social/node_modules/eslint-loader/index.js??ref--13-0!/root/social-network/vue-social/src/main.js
<s> [webpack.Progress] 10% building 3/5 modules 2 active /root/social-network/vue-social/node_modules/cache-loader/dist/cjs.js??ref--12-0!/root/social-network/vue-social/node_modules/babel-loader/lib/index.js!/root/social-network/vue-social/node_modules/eslint-loader/index.js??ref--13-0!/root/social-network/vue-social/src/main.js
<s> [webpack.Progress] 10% building 4/5 modules 1 active /root/social-network/vue-social/node_modules/cache-loader/dist/cjs.js??ref--12-0!/root/social-network/vue-social/node_modules/babel-loader/lib/index.js!/root/social-network/vue-social/node_modules/eslint-loader/index.js??ref--13-0!/root/social-network/vue-social/src/main.js
<s> [webpack.Progress] 10% building 5/5 modules 0 active 
<s> [webpack.Progress] 40% building 5/5 modules 0 active 
<s> [webpack.Progress] 40% building 5/6 modules 1 active /root/social-network/vue-social/node_modules/webpack/hot sync nonrecursive /^\.\/log$/
<s> [webpack.Progress] 40% building 5/7 modules 2 active /root/social-network/vue-social/node_modules/webpack/hot/emitter.js
<s> [webpack.Progress] 40% building 5/8 modules 3 active /root/social-network/vue-social/node_modules/webpack/hot/log-apply-result.js
<s> [webpack.Progress] 40% building 5/9 modules 4 active /root/social-network/vue-social/node_modules/webpack/hot/log.js
<s> [webpack.Progress] 40% building 6/9 modules 3 active /root/social-network/vue-social/node_modules/webpack/hot/log.js
<s> [webpack.Progress] 40% building 6/10 modules 4 active /root/social-network/vue-social/node_modules/webpack-dev-server/client/socket.js
<s> [webpack.Progress] 40% building 6/11 modules 5 active /root/social-network/vue-social/node_modules/webpack-dev-server/client/overlay.js
<s> [webpack.Progress] 40% building 6/12 modules 6 active /root/social-network/vue-social/node_modules/cache-loader/dist/cjs.js??ref--12-0!/root/social-network/vue-social/node_modules/babel-loader/lib/index.js!/root/social-network/vue-social/node_modules/eslint-loader/index.js??ref--13-0!/root/social-network/vue-social/src/firebase.js
<s> [webpack.Progress] 40% building 6/13 modules 7 active /root/social-network/vue-social/node_modules/webpack-dev-server/client/utils/log.js
<s> [webpack.Progress] 40% building 6/14 modules 8 active /root/social-network/vue-social/node_modules/webpack-dev-server/client/utils/sendMessage.js
<s> [webpack.Progress] 40% building 6/15 modules 9 active /root/social-network/vue-social/node_modules/webpack-dev-server/client/utils/reloadApp.js
<s> [webpack.Progress] 40% building 6/16 modules 10 active /root/social-network/vue-social/node_modules/webpack-dev-server/client/utils/createSocketUrl.js
<s> [webpack.Progress] 40% building 7/16 modules 9 active /root/social-network/vue-social/node_modules/webpack-dev-server/client/utils/createSocketUrl.js
<s> [webpack.Progress] 40% building 8/16 modules 8 active /root/social-network/vue-social/node_modules/webpack-dev-server/client/utils/createSocketUrl.js
<s> [webpack.Progress] 40% building 9/16 modules 7 active /root/social-network/vue-social/node_modules/webpack-dev-server/client/utils/createSocketUrl.js
<s> [webpack.Progress] 40% building 9/17 modules 8 active /root/social-network/vue-social/node_modules/core-js/modules/es.array.iterator.js
<s> [webpack.Progress] 40% building 9/18 modules 9 active /root/social-network/vue-social/node_modules/core-js/modules/es.promise.js
<s> [webpack.Progress] 40% building 9/19 modules 10 active /root/social-network/vue-social/node_modules/core-js/modules/es.object.assign.js
<s> [webpack.Progress] 40% building 9/20 modules 11 active /root/social-network/vue-social/node_modules/core-js/modules/es.promise.finally.js
<s> [webpack.Progress] 40% building 10/20 modules 10 active /root/social-network/vue-social/node_modules/core-js/modules/es.promise.finally.js
<s> [webpack.Progress] 40% building 11/20 modules 9 active /root/social-network/vue-social/node_modules/core-js/modules/es.promise.finally.js
<s> [webpack.Progress] 40% building 11/21 modules 10 active /root/social-network/vue-social/node_modules/cache-loader/dist/cjs.js??ref--0-0!/root/social-network/vue-social/node_modules/vue-loader/lib/index.js??vue-loader-options!/root/social-network/vue-social/node_modules/eslint-loader/index.js??ref--13-0!/root/social-network/vue-social/src/App.vue
<s> [webpack.Progress] 40% building 12/21 modules 9 active /root/social-network/vue-social/node_modules/cache-loader/dist/cjs.js??ref--0-0!/root/social-network/vue-social/node_modules/vue-loader/lib/index.js??vue-loader-options!/root/social-network/vue-social/node_modules/eslint-loader/index.js??ref--13-0!/root/social-network/vue-social/src/App.vue
<s> [webpack.Progress] 40% building 12/22 modules 10 active /root/social-network/vue-social/node_modules/vue/dist/vue.runtime.esm.js
<s> [webpack.Progress] 40% building 13/22 modules 9 active /root/social-network/vue-social/node_modules/vue/dist/vue.runtime.esm.js
<s> [webpack.Progress] 40% building 14/22 modules 8 active /root/social-network/vue-social/node_modules/vue/dist/vue.runtime.esm.js
<s> [webpack.Progress] 40% building 15/22 modules 7 active /root/social-network/vue-social/node_modules/vue/dist/vue.runtime.esm.js
<s> [webpack.Progress] 40% building 16/22 modules 6 active /root/social-network/vue-social/node_modules/vue/dist/vue.runtime.esm.js
<s> [webpack.Progress] 40% building 17/22 modules 5 active /root/social-network/vue-social/node_modules/vue/dist/vue.runtime.esm.js
<s> [webpack.Progress] 40% building 18/22 modules 4 active /root/social-network/vue-social/node_modules/vue/dist/vue.runtime.esm.js
<s> [webpack.Progress] 40% building 19/22 modules 3 active /root/social-network/vue-social/node_modules/vue/dist/vue.runtime.esm.js
<s> [webpack.Progress] 40% building 20/22 modules 2 active /root/social-network/vue-social/node_modules/vue/dist/vue.runtime.esm.js
<s> [webpack.Progress] 40% building 21/22 modules 1 active /root/social-network/vue-social/node_modules/vue/dist/vue.runtime.esm.js
<s> [webpack.Progress] 40% building 21/23 modules 2 active /root/social-network/vue-social/node_modules/webpack-dev-server/client/clients/SockJSClient.js
<s> [webpack.Progress] 40% building 21/24 modules 3 active /root/social-network/vue-social/node_modules/events/events.js
<s> [webpack.Progress] 40% building 21/25 modules 4 active /root/social-network/vue-social/node_modules/vue-loader/lib/loaders/pitcher.js??ref--4!/root/social-network/vue-social/node_modules/cache-loader/dist/cjs.js??ref--0-0!/root/social-network/vue-social/node_modules/vue-loader/lib/index.js??vue-loader-options!/root/social-network/vue-social/node_modules/eslint-loader/index.js??ref--13-0!/root/social-network/vue-social/src/App.vue?vue&type=template&id=7ba5bd90&
<s> [webpack.Progress] 40% building 22/25 modules 3 active /root/social-network/vue-social/node_modules/events/events.js
<s> [webpack.Progress] 40% building 23/25 modules 2 active /root/social-network/vue-social/node_modules/events/events.js
<s> [webpack.Progress] 40% building 23/26 modules 3 active /root/social-network/vue-social/node_modules/webpack-dev-server/client/utils/getCurrentScriptSource.js
<s> [webpack.Progress] 40% building 23/27 modules 4 active /root/social-network/vue-social/node_modules/url/url.js
<s> [webpack.Progress] 40% building 23/28 modules 5 active /root/social-network/vue-social/node_modules/vue-loader/lib/runtime/componentNormalizer.js
<s> [webpack.Progress] 40% building 23/29 modules 6 active /root/social-network/vue-social/node_modules/cache-loader/dist/cjs.js?{"cacheDirectory":"node_modules/.cache/vue-loader","cacheIdentifier":"73ff0edd-vue-loader-template"}!/root/social-network/vue-social/node_modules/vue-loader/lib/loaders/templateLoader.js??vue-loader-options!/root/social-network/vue-social/node_modules/cache-loader/dist/cjs.js??ref--0-0!/root/social-network/vue-social/node_modules/vue-loader/lib/index.js??vue-loader-options!/root/social-network/vue-social/src/App.vue?vue&type=template&id=7ba5bd90&
<s> [webpack.Progress] 40% building 24/29 modules 5 active /root/social-network/vue-social/node_modules/cache-loader/dist/cjs.js?{"cacheDirectory":"node_modules/.cache/vue-loader","cacheIdentifier":"73ff0edd-vue-loader-template"}!/root/social-network/vue-social/node_modules/vue-loader/lib/loaders/templateLoader.js??vue-loader-options!/root/social-network/vue-social/node_modules/cache-loader/dist/cjs.js??ref--0-0!/root/social-network/vue-social/node_modules/vue-loader/lib/index.js??vue-loader-options!/root/social-network/vue-social/src/App.vue?vue&type=template&id=7ba5bd90&
<s> [webpack.Progress] 40% building 24/30 modules 6 active /root/social-network/vue-social/node_modules/core-js/internals/to-indexed-object.js
<s> [webpack.Progress] 40% building 24/31 modules 7 active /root/social-network/vue-social/node_modules/core-js/internals/add-to-unscopables.js
<s> [webpack.Progress] 40% building 24/32 modules 8 active /root/social-network/vue-social/node_modules/core-js/internals/iterators.js
<s> [webpack.Progress] 40% building 24/33 modules 9 active /root/social-network/vue-social/node_modules/core-js/internals/internal-state.js
<s> [webpack.Progress] 40% building 24/34 modules 10 active /root/social-network/vue-social/node_modules/core-js/internals/define-iterator.js
<s> [webpack.Progress] 40% building 24/35 modules 11 active /root/social-network/vue-social/node_modules/core-js/internals/export.js
<s> [webpack.Progress] 40% building 24/36 modules 12 active /root/social-network/vue-social/node_modules/core-js/internals/object-assign.js
<s> [webpack.Progress] 40% building 24/37 modules 13 active /root/social-network/vue-social/node_modules/core-js/internals/is-pure.js
<s> [webpack.Progress] 40% building 24/38 modules 14 active /root/social-network/vue-social/node_modules/core-js/internals/native-promise-constructor.js
<s> [webpack.Progress] 40% building 24/39 modules 15 active /root/social-network/vue-social/node_modules/core-js/internals/fails.js
<s> [webpack.Progress] 40% building 24/40 modules 16 active /root/social-network/vue-social/node_modules/core-js/internals/get-built-in.js
<s> [webpack.Progress] 40% building 24/41 modules 17 active /root/social-network/vue-social/node_modules/core-js/internals/species-constructor.js
<s> [webpack.Progress] 40% building 24/42 modules 18 active /root/social-network/vue-social/node_modules/core-js/internals/promise-resolve.js
<s> [webpack.Progress] 40% building 24/43 modules 19 active /root/social-network/vue-social/node_modules/core-js/internals/redefine.js
<s> [webpack.Progress] 40% building 24/44 modules 20 active /root/social-network/vue-social/node_modules/core-js/internals/global.js
<s> [webpack.Progress] 40% building 24/45 modules 21 active /root/social-network/vue-social/node_modules/core-js/internals/redefine-all.js
<s> [webpack.Progress] 40% building 24/46 modules 22 active /root/social-network/vue-social/node_modules/core-js/internals/set-to-string-tag.js
<s> [webpack.Progress] 40% building 24/47 modules 23 active /root/social-network/vue-social/node_modules/core-js/internals/set-species.js
<s> [webpack.Progress] 40% building 24/48 modules 24 active /root/social-network/vue-social/node_modules/core-js/internals/is-object.js
<s> [webpack.Progress] 40% building 24/49 modules 25 active /root/social-network/vue-social/node_modules/core-js/internals/a-function.js
<s> [webpack.Progress] 40% building 24/50 modules 26 active /root/social-network/vue-social/node_modules/core-js/internals/an-instance.js
<s> [webpack.Progress] 40% building 24/51 modules 27 active /root/social-network/vue-social/node_modules/core-js/internals/inspect-source.js
<s> [webpack.Progress] 40% building 24/52 modules 28 active /root/social-network/vue-social/node_modules/core-js/internals/iterate.js
<s> [webpack.Progress] 40% building 24/53 modules 29 active /root/social-network/vue-social/node_modules/core-js/internals/check-correctness-of-iteration.js
<s> [webpack.Progress] 40% building 24/54 modules 30 active /root/social-network/vue-social/node_modules/core-js/internals/task.js
<s> [webpack.Progress] 40% building 24/55 modules 31 active /root/social-network/vue-social/node_modules/core-js/internals/microtask.js
<s> [webpack.Progress] 40% building 24/56 modules 32 active /root/social-network/vue-social/node_modules/core-js/internals/host-report-errors.js
<s> [webpack.Progress] 40% building 24/57 modules 33 active /root/social-network/vue-social/node_modules/core-js/internals/new-promise-capability.js
<s> [webpack.Progress] 40% building 24/58 modules 34 active /root/social-network/vue-social/node_modules/core-js/internals/perform.js
<s> [webpack.Progress] 40% building 24/59 modules 35 active /root/social-network/vue-social/node_modules/core-js/internals/is-forced.js
<s> [webpack.Progress] 40% building 24/60 modules 36 active /root/social-network/vue-social/node_modules/core-js/internals/well-known-symbol.js
<s> [webpack.Progress] 40% building 24/61 modules 37 active /root/social-network/vue-social/node_modules/core-js/internals/engine-is-node.js
<s> [webpack.Progress] 40% building 24/62 modules 38 active /root/social-network/vue-social/node_modules/core-js/internals/engine-v8-version.js
<s> [webpack.Progress] 40% building 24/63 modules 39 active /root/social-network/vue-social/node_modules/vue-loader/lib/loaders/pitcher.js??ref--4!/root/social-network/vue-social/node_modules/vue-style-loader/index.js??ref--6-oneOf-1-0!/root/social-network/vue-social/node_modules/css-loader/dist/cjs.js??ref--6-oneOf-1-1!/root/social-network/vue-social/node_modules/postcss-loader/src/index.js??ref--6-oneOf-1-2!/root/social-network/vue-social/node_modules/cache-loader/dist/cjs.js??ref--0-0!/root/social-network/vue-social/node_modules/vue-loader/lib/index.js??vue-loader-options!/root/social-network/vue-social/node_modules/eslint-loader/index.js??ref--13-0!/root/social-network/vue-social/src/App.vue?vue&type=style&index=0&lang=css&
<s> [webpack.Progress] 40% building 25/63 modules 38 active /root/social-network/vue-social/node_modules/core-js/internals/engine-v8-version.js
<s> [webpack.Progress] 40% building 25/64 modules 39 active /root/social-network/vue-social/node_modules/cache-loader/dist/cjs.js??ref--12-0!/root/social-network/vue-social/node_modules/babel-loader/lib/index.js!/root/social-network/vue-social/node_modules/eslint-loader/index.js??ref--13-0!/root/social-network/vue-social/src/router/index.js
<s> [webpack.Progress] 40% building 26/64 modules 38 active /root/social-network/vue-social/node_modules/cache-loader/dist/cjs.js??ref--12-0!/root/social-network/vue-social/node_modules/babel-loader/lib/index.js!/root/social-network/vue-social/node_modules/eslint-loader/index.js??ref--13-0!/root/social-network/vue-social/src/router/index.js
<s> [webpack.Progress] 40% building 26/65 modules 39 active /root/social-network/vue-social/node_modules/vue-hot-reload-api/dist/index.js
<s> [webpack.Progress] 40% building 27/65 modules 38 active /root/social-network/vue-social/node_modules/vue-hot-reload-api/dist/index.js
<s> [webpack.Progress] 40% building 28/65 modules 37 active /root/social-network/vue-social/node_modules/vue-hot-reload-api/dist/index.js
<s> [webpack.Progress] 40% building 28/66 modules 38 active /root/social-network/vue-social/node_modules/vue-style-loader/index.js??ref--6-oneOf-1-0!/root/social-network/vue-social/node_modules/css-loader/dist/cjs.js??ref--6-oneOf-1-1!/root/social-network/vue-social/node_modules/vue-loader/lib/loaders/stylePostLoader.js!/root/social-network/vue-social/node_modules/postcss-loader/src/index.js??ref--6-oneOf-1-2!/root/social-network/vue-social/node_modules/cache-loader/dist/cjs.js??ref--0-0!/root/social-network/vue-social/node_modules/vue-loader/lib/index.js??vue-loader-options!/root/social-network/vue-social/src/App.vue?vue&type=style&index=0&lang=css&
<s> [webpack.Progress] 40% building 29/66 modules 37 active /root/social-network/vue-social/node_modules/vue-hot-reload-api/dist/index.js
<s> [webpack.Progress] 40% building 29/67 modules 38 active /root/social-network/vue-social/node_modules/css-loader/dist/cjs.js??ref--6-oneOf-1-1!/root/social-network/vue-social/node_modules/vue-loader/lib/loaders/stylePostLoader.js!/root/social-network/vue-social/node_modules/postcss-loader/src/index.js??ref--6-oneOf-1-2!/root/social-network/vue-social/node_modules/cache-loader/dist/cjs.js??ref--0-0!/root/social-network/vue-social/node_modules/vue-loader/lib/index.js??vue-loader-options!/root/social-network/vue-social/src/App.vue?vue&type=style&index=0&lang=css&
<s> [webpack.Progress] 40% building 29/68 modules 39 active /root/social-network/vue-social/node_modules/webpack-dev-server/client/clients/BaseClient.js
<s> [webpack.Progress] 40% building 30/68 modules 38 active /root/social-network/vue-social/node_modules/webpack-dev-server/client/clients/BaseClient.js
<s> [webpack.Progress] 40% building 31/68 modules 37 active /root/social-network/vue-social/node_modules/webpack-dev-server/client/clients/BaseClient.js
<s> [webpack.Progress] 40% building 32/68 modules 36 active /root/social-network/vue-social/node_modules/webpack-dev-server/client/clients/BaseClient.js
<s> [webpack.Progress] 40% building 33/68 modules 35 active /root/social-network/vue-social/node_modules/webpack-dev-server/client/clients/BaseClient.js
<s> [webpack.Progress] 40% building 34/68 modules 34 active /root/social-network/vue-social/node_modules/webpack-dev-server/client/clients/BaseClient.js
<s> [webpack.Progress] 40% building 35/68 modules 33 active /root/social-network/vue-social/node_modules/webpack-dev-server/client/clients/BaseClient.js
<s> [webpack.Progress] 40% building 36/68 modules 32 active /root/social-network/vue-social/node_modules/webpack-dev-server/client/clients/BaseClient.js
<s> [webpack.Progress] 40% building 37/68 modules 31 active /root/social-network/vue-social/node_modules/webpack-dev-server/client/clients/BaseClient.js
<s> [webpack.Progress] 40% building 38/68 modules 30 active /root/social-network/vue-social/node_modules/webpack-dev-server/client/clients/BaseClient.js
<s> [webpack.Progress] 40% building 39/68 modules 29 active /root/social-network/vue-social/node_modules/webpack-dev-server/client/clients/BaseClient.js
<s> [webpack.Progress] 40% building 40/68 modules 28 active /root/social-network/vue-social/node_modules/webpack-dev-server/client/clients/BaseClient.js
<s> [webpack.Progress] 40% building 41/68 modules 27 active /root/social-network/vue-social/node_modules/webpack-dev-server/client/clients/BaseClient.js
<s> [webpack.Progress] 40% building 42/68 modules 26 active /root/social-network/vue-social/node_modules/webpack-dev-server/client/clients/BaseClient.js
<s> [webpack.Progress] 40% building 43/68 modules 25 active /root/social-network/vue-social/node_modules/webpack-dev-server/client/clients/BaseClient.js
<s> [webpack.Progress] 40% building 44/68 modules 24 active /root/social-network/vue-social/node_modules/webpack-dev-server/client/clients/BaseClient.js
<s> [webpack.Progress] 40% building 45/68 modules 23 active /root/social-network/vue-social/node_modules/webpack-dev-server/client/clients/BaseClient.js
<s> [webpack.Progress] 40% building 46/68 modules 22 active /root/social-network/vue-social/node_modules/webpack-dev-server/client/clients/BaseClient.js
<s> [webpack.Progress] 40% building 47/68 modules 21 active /root/social-network/vue-social/node_modules/webpack-dev-server/client/clients/BaseClient.js
<s> [webpack.Progress] 40% building 48/68 modules 20 active /root/social-network/vue-social/node_modules/webpack-dev-server/client/clients/BaseClient.js
<s> [webpack.Progress] 40% building 49/68 modules 19 active /root/social-network/vue-social/node_modules/webpack-dev-server/client/clients/BaseClient.js
<s> [webpack.Progress] 40% building 50/68 modules 18 active /root/social-network/vue-social/node_modules/webpack-dev-server/client/clients/BaseClient.js
<s> [webpack.Progress] 40% building 51/68 modules 17 active /root/social-network/vue-social/node_modules/webpack-dev-server/client/clients/BaseClient.js
<s> [webpack.Progress] 40% building 52/68 modules 16 active /root/social-network/vue-social/node_modules/webpack-dev-server/client/clients/BaseClient.js
<s> [webpack.Progress] 40% building 53/68 modules 15 active /root/social-network/vue-social/node_modules/webpack-dev-server/client/clients/BaseClient.js
<s> [webpack.Progress] 40% building 54/68 modules 14 active /root/social-network/vue-social/node_modules/webpack-dev-server/client/clients/BaseClient.js
<s> [webpack.Progress] 40% building 55/68 modules 13 active /root/social-network/vue-social/node_modules/webpack-dev-server/client/clients/BaseClient.js
<s> [webpack.Progress] 40% building 56/68 modules 12 active /root/social-network/vue-social/node_modules/webpack-dev-server/client/clients/BaseClient.js
<s> [webpack.Progress] 40% building 57/68 modules 11 active /root/social-network/vue-social/node_modules/webpack-dev-server/client/clients/BaseClient.js
<s> [webpack.Progress] 40% building 58/68 modules 10 active /root/social-network/vue-social/node_modules/webpack-dev-server/client/clients/BaseClient.js
<s> [webpack.Progress] 40% building 59/68 modules 9 active /root/social-network/vue-social/node_modules/webpack-dev-server/client/clients/BaseClient.js
<s> [webpack.Progress] 40% building 60/68 modules 8 active /root/social-network/vue-social/node_modules/webpack-dev-server/client/clients/BaseClient.js
<s> [webpack.Progress] 40% building 61/68 modules 7 active /root/social-network/vue-social/node_modules/webpack-dev-server/client/clients/BaseClient.js
<s> [webpack.Progress] 40% building 62/68 modules 6 active /root/social-network/vue-social/node_modules/webpack-dev-server/client/clients/BaseClient.js
<s> [webpack.Progress] 40% building 63/68 modules 5 active /root/social-network/vue-social/node_modules/webpack-dev-server/client/clients/BaseClient.js
<s> [webpack.Progress] 40% building 64/68 modules 4 active /root/social-network/vue-social/node_modules/webpack-dev-server/client/clients/BaseClient.js
<s> [webpack.Progress] 40% building 64/69 modules 5 active /root/social-network/vue-social/node_modules/webpack-dev-server/node_modules/strip-ansi/index.js
<s> [webpack.Progress] 40% building 65/69 modules 4 active /root/social-network/vue-social/node_modules/webpack-dev-server/node_modules/strip-ansi/index.js
<s> [webpack.Progress] 40% building 66/69 modules 3 active /root/social-network/vue-social/node_modules/webpack-dev-server/node_modules/strip-ansi/index.js
<s> [webpack.Progress] 40% building 66/70 modules 4 active /root/social-network/vue-social/node_modules/core-js/modules/es.object.to-string.js
<s> [webpack.Progress] 40% building 66/71 modules 5 active /root/social-network/vue-social/node_modules/core-js/modules/es.string.iterator.js
<s> [webpack.Progress] 40% building 66/72 modules 6 active /root/social-network/vue-social/node_modules/core-js/modules/web.dom-collections.iterator.js
<s> [webpack.Progress] 40% building 67/72 modules 5 active /root/social-network/vue-social/node_modules/core-js/modules/web.dom-collections.iterator.js
<s> [webpack.Progress] 40% building 67/73 modules 6 active /root/social-network/vue-social/node_modules/webpack/buildin/global.js
<s> [webpack.Progress] 40% building 67/74 modules 7 active /root/social-network/vue-social/node_modules/vue-style-loader/lib/addStylesClient.js
<s> [webpack.Progress] 40% building 67/75 modules 8 active /root/social-network/vue-social/node_modules/cache-loader/dist/cjs.js??ref--0-0!/root/social-network/vue-social/node_modules/vue-loader/lib/index.js??vue-loader-options!/root/social-network/vue-social/node_modules/eslint-loader/index.js??ref--13-0!/root/social-network/vue-social/src/views/Home.vue
<s> [webpack.Progress] 40% building 67/76 modules 9 active /root/social-network/vue-social/node_modules/cache-loader/dist/cjs.js??ref--0-0!/root/social-network/vue-social/node_modules/vue-loader/lib/index.js??vue-loader-options!/root/social-network/vue-social/node_modules/eslint-loader/index.js??ref--13-0!/root/social-network/vue-social/src/views/Login.vue
<s> [webpack.Progress] 40% building 67/77 modules 10 active /root/social-network/vue-social/node_modules/cache-loader/dist/cjs.js??ref--0-0!/root/social-network/vue-social/node_modules/vue-loader/lib/index.js??vue-loader-options!/root/social-network/vue-social/node_modules/eslint-loader/index.js??ref--13-0!/root/social-network/vue-social/src/views/SignUp.vue
<s> [webpack.Progress] 40% building 67/78 modules 11 active /root/social-network/vue-social/node_modules/cache-loader/dist/cjs.js??ref--0-0!/root/social-network/vue-social/node_modules/vue-loader/lib/index.js??vue-loader-options!/root/social-network/vue-social/node_modules/eslint-loader/index.js??ref--13-0!/root/social-network/vue-social/src/views/About.vue
<s> [webpack.Progress] 40% building 67/79 modules 12 active /root/social-network/vue-social/node_modules/ansi-html/index.js
<s> [webpack.Progress] 40% building 68/79 modules 11 active /root/social-network/vue-social/node_modules/ansi-html/index.js
<s> [webpack.Progress] 40% building 68/80 modules 12 active /root/social-network/vue-social/node_modules/core-js/internals/indexed-object.js
<s> [webpack.Progress] 40% building 68/81 modules 13 active /root/social-network/vue-social/node_modules/core-js/internals/require-object-coercible.js
<s> [webpack.Progress] 40% building 68/82 modules 14 active /root/social-network/vue-social/node_modules/core-js/internals/native-weak-map.js
<s> [webpack.Progress] 40% building 68/83 modules 15 active /root/social-network/vue-social/node_modules/core-js/internals/create-non-enumerable-property.js
<s> [webpack.Progress] 40% building 68/84 modules 16 active /root/social-network/vue-social/node_modules/core-js/internals/has.js
<s> [webpack.Progress] 40% building 68/85 modules 17 active /root/social-network/vue-social/node_modules/core-js/internals/shared-store.js
<s> [webpack.Progress] 40% building 68/86 modules 18 active /root/social-network/vue-social/node_modules/core-js/internals/shared-key.js
<s> [webpack.Progress] 40% building 68/87 modules 19 active /root/social-network/vue-social/node_modules/core-js/internals/hidden-keys.js
<s> [webpack.Progress] 40% building 68/88 modules 20 active /root/social-network/vue-social/node_modules/core-js/internals/object-create.js
<s> [webpack.Progress] 40% building 68/89 modules 21 active /root/social-network/vue-social/node_modules/core-js/internals/object-define-property.js
<s> [webpack.Progress] 40% building 68/90 modules 22 active /root/social-network/vue-social/node_modules/core-js/internals/descriptors.js
<s> [webpack.Progress] 40% building 68/91 modules 23 active /root/social-network/vue-social/node_modules/core-js/internals/object-keys.js
<s> [webpack.Progress] 40% building 68/92 modules 24 active /root/social-network/vue-social/node_modules/core-js/internals/object-get-own-property-symbols.js
<s> [webpack.Progress] 40% building 68/93 modules 25 active /root/social-network/vue-social/node_modules/core-js/internals/object-property-is-enumerable.js
<s> [webpack.Progress] 40% building 68/94 modules 26 active /root/social-network/vue-social/node_modules/core-js/internals/to-object.js
<s> [webpack.Progress] 40% building 68/95 modules 27 active /root/social-network/vue-social/node_modules/core-js/internals/create-iterator-constructor.js
<s> [webpack.Progress] 40% building 68/96 modules 28 active /root/social-network/vue-social/node_modules/core-js/internals/object-get-prototype-of.js
<s> [webpack.Progress] 40% building 68/97 modules 29 active /root/social-network/vue-social/node_modules/core-js/internals/object-set-prototype-of.js
<s> [webpack.Progress] 40% building 68/98 modules 30 active /root/social-network/vue-social/node_modules/core-js/internals/iterators-core.js
<s> [webpack.Progress] 40% building 68/99 modules 31 active /root/social-network/vue-social/node_modules/core-js/internals/path.js
<s> [webpack.Progress] 40% building 68/100 modules 32 active /root/social-network/vue-social/node_modules/core-js/internals/an-object.js
<s> [webpack.Progress] 40% building 68/101 modules 33 active /root/social-network/vue-social/node_modules/core-js/internals/object-get-own-property-descriptor.js
<s> [webpack.Progress] 40% building 68/102 modules 34 active /root/social-network/vue-social/node_modules/core-js/internals/set-global.js
<s> [webpack.Progress] 40% building 68/103 modules 35 active /root/social-network/vue-social/node_modules/core-js/internals/copy-constructor-properties.js
<s> [webpack.Progress] 40% building 68/104 modules 36 active /root/social-network/vue-social/node_modules/core-js/internals/is-array-iterator-method.js
<s> [webpack.Progress] 40% building 68/105 modules 37 active /root/social-network/vue-social/node_modules/core-js/internals/to-length.js
<s> [webpack.Progress] 40% building 68/106 modules 38 active /root/social-network/vue-social/node_modules/core-js/internals/function-bind-context.js
<s> [webpack.Progress] 40% building 68/107 modules 39 active /root/social-network/vue-social/node_modules/core-js/internals/get-iterator-method.js
<s> [webpack.Progress] 40% building 68/108 modules 40 active /root/social-network/vue-social/node_modules/core-js/internals/iterator-close.js
<s> [webpack.Progress] 40% building 68/109 modules 41 active /root/social-network/vue-social/node_modules/core-js/internals/html.js
<s> [webpack.Progress] 40% building 68/110 modules 42 active /root/social-network/vue-social/node_modules/core-js/internals/document-create-element.js
<s> [webpack.Progress] 40% building 68/111 modules 43 active /root/social-network/vue-social/node_modules/core-js/internals/engine-is-ios.js
<s> [webpack.Progress] 40% building 68/112 modules 44 active /root/social-network/vue-social/node_modules/core-js/internals/engine-is-webos-webkit.js
<s> [webpack.Progress] 40% building 68/113 modules 45 active /root/social-network/vue-social/node_modules/core-js/internals/shared.js
<s> [webpack.Progress] 40% building 68/114 modules 46 active /root/social-network/vue-social/node_modules/core-js/internals/uid.js
<s> [webpack.Progress] 40% building 68/115 modules 47 active /root/social-network/vue-social/node_modules/core-js/internals/native-symbol.js
<s> [webpack.Progress] 40% building 68/116 modules 48 active /root/social-network/vue-social/node_modules/core-js/internals/use-symbol-as-uid.js
<s> [webpack.Progress] 40% building 68/117 modules 49 active /root/social-network/vue-social/node_modules/core-js/internals/classof-raw.js
<s> [webpack.Progress] 40% building 68/118 modules 50 active /root/social-network/vue-social/node_modules/core-js/internals/engine-user-agent.js
<s> [webpack.Progress] 40% building 68/119 modules 51 active /root/social-network/vue-social/node_modules/url/util.js
<s> [webpack.Progress] 40% building 69/119 modules 50 active /root/social-network/vue-social/node_modules/url/util.js
<s> [webpack.Progress] 40% building 70/119 modules 49 active /root/social-network/vue-social/node_modules/url/util.js
<s> [webpack.Progress] 40% building 71/119 modules 48 active /root/social-network/vue-social/node_modules/url/util.js
<s> [webpack.Progress] 40% building 71/120 modules 49 active /root/social-network/vue-social/node_modules/html-entities/lib/index.js
<s> [webpack.Progress] 40% building 71/121 modules 50 active /root/social-network/vue-social/node_modules/querystring-es3/index.js
<s> [webpack.Progress] 40% building 71/122 modules 51 active /root/social-network/vue-social/node_modules/firebase/dist/index.esm.js
<s> [webpack.Progress] 40% building 72/122 modules 50 active /root/social-network/vue-social/node_modules/firebase/dist/index.esm.js
<s> [webpack.Progress] 40% building 73/122 modules 49 active /root/social-network/vue-social/node_modules/firebase/dist/index.esm.js
<s> [webpack.Progress] 40% building 73/123 modules 50 active /root/social-network/vue-social/node_modules/vue-loader/lib/loaders/pitcher.js??ref--4!/root/social-network/vue-social/node_modules/cache-loader/dist/cjs.js??ref--0-0!/root/social-network/vue-social/node_modules/vue-loader/lib/index.js??vue-loader-options!/root/social-network/vue-social/node_modules/eslint-loader/index.js??ref--13-0!/root/social-network/vue-social/src/views/Home.vue?vue&type=template&id=fae5bece&
<s> [webpack.Progress] 40% building 74/123 modules 49 active /root/social-network/vue-social/node_modules/firebase/dist/index.esm.js
<s> [webpack.Progress] 40% building 74/124 modules 50 active /root/social-network/vue-social/node_modules/vue-loader/lib/loaders/pitcher.js??ref--4!/root/social-network/vue-social/node_modules/cache-loader/dist/cjs.js??ref--12-0!/root/social-network/vue-social/node_modules/babel-loader/lib/index.js!/root/social-network/vue-social/node_modules/cache-loader/dist/cjs.js??ref--0-0!/root/social-network/vue-social/node_modules/vue-loader/lib/index.js??vue-loader-options!/root/social-network/vue-social/node_modules/eslint-loader/index.js??ref--13-0!/root/social-network/vue-social/node_modules/eslint-loader/index.js??ref--13-0!/root/social-network/vue-social/src/views/Home.vue?vue&type=script&lang=js&
<s> [webpack.Progress] 40% building 75/124 modules 49 active /root/social-network/vue-social/node_modules/firebase/dist/index.esm.js
<s> [webpack.Progress] 40% building 75/125 modules 50 active /root/social-network/vue-social/node_modules/cache-loader/dist/cjs.js??ref--12-0!/root/social-network/vue-social/node_modules/babel-loader/lib/index.js!/root/social-network/vue-social/node_modules/cache-loader/dist/cjs.js??ref--0-0!/root/social-network/vue-social/node_modules/vue-loader/lib/index.js??vue-loader-options!/root/social-network/vue-social/src/views/Home.vue?vue&type=script&lang=js&
<s> [webpack.Progress] 40% building 75/126 modules 51 active /root/social-network/vue-social/node_modules/cache-loader/dist/cjs.js?{"cacheDirectory":"node_modules/.cache/vue-loader","cacheIdentifier":"73ff0edd-vue-loader-template"}!/root/social-network/vue-social/node_modules/vue-loader/lib/loaders/templateLoader.js??vue-loader-options!/root/social-network/vue-social/node_modules/cache-loader/dist/cjs.js??ref--0-0!/root/social-network/vue-social/node_modules/vue-loader/lib/index.js??vue-loader-options!/root/social-network/vue-social/src/views/Home.vue?vue&type=template&id=fae5bece&
<s> [webpack.Progress] 40% building 76/126 modules 50 active /root/social-network/vue-social/node_modules/cache-loader/dist/cjs.js?{"cacheDirectory":"node_modules/.cache/vue-loader","cacheIdentifier":"73ff0edd-vue-loader-template"}!/root/social-network/vue-social/node_modules/vue-loader/lib/loaders/templateLoader.js??vue-loader-options!/root/social-network/vue-social/node_modules/cache-loader/dist/cjs.js??ref--0-0!/root/social-network/vue-social/node_modules/vue-loader/lib/index.js??vue-loader-options!/root/social-network/vue-social/src/views/Home.vue?vue&type=template&id=fae5bece&
<s> [webpack.Progress] 40% building 76/127 modules 51 active /root/social-network/vue-social/node_modules/vue-loader/lib/loaders/pitcher.js??ref--4!/root/social-network/vue-social/node_modules/cache-loader/dist/cjs.js??ref--0-0!/root/social-network/vue-social/node_modules/vue-loader/lib/index.js??vue-loader-options!/root/social-network/vue-social/node_modules/eslint-loader/index.js??ref--13-0!/root/social-network/vue-social/src/views/Login.vue?vue&type=template&id=26084dc2&scoped=true&
<s> [webpack.Progress] 40% building 77/127 modules 50 active /root/social-network/vue-social/node_modules/cache-loader/dist/cjs.js?{"cacheDirectory":"node_modules/.cache/vue-loader","cacheIdentifier":"73ff0edd-vue-loader-template"}!/root/social-network/vue-social/node_modules/vue-loader/lib/loaders/templateLoader.js??vue-loader-options!/root/social-network/vue-social/node_modules/cache-loader/dist/cjs.js??ref--0-0!/root/social-network/vue-social/node_modules/vue-loader/lib/index.js??vue-loader-options!/root/social-network/vue-social/src/views/Home.vue?vue&type=template&id=fae5bece&
<s> [webpack.Progress] 40% building 77/128 modules 51 active /root/social-network/vue-social/node_modules/vue-loader/lib/loaders/pitcher.js??ref--4!/root/social-network/vue-social/node_modules/cache-loader/dist/cjs.js??ref--12-0!/root/social-network/vue-social/node_modules/babel-loader/lib/index.js!/root/social-network/vue-social/node_modules/cache-loader/dist/cjs.js??ref--0-0!/root/social-network/vue-social/node_modules/vue-loader/lib/index.js??vue-loader-options!/root/social-network/vue-social/node_modules/eslint-loader/index.js??ref--13-0!/root/social-network/vue-social/node_modules/eslint-loader/index.js??ref--13-0!/root/social-network/vue-social/src/views/Login.vue?vue&type=script&lang=js&
<s> [webpack.Progress] 40% building 78/128 modules 50 active /root/social-network/vue-social/node_modules/cache-loader/dist/cjs.js?{"cacheDirectory":"node_modules/.cache/vue-loader","cacheIdentifier":"73ff0edd-vue-loader-template"}!/root/social-network/vue-social/node_modules/vue-loader/lib/loaders/templateLoader.js??vue-loader-options!/root/social-network/vue-social/node_modules/cache-loader/dist/cjs.js??ref--0-0!/root/social-network/vue-social/node_modules/vue-loader/lib/index.js??vue-loader-options!/root/social-network/vue-social/src/views/Home.vue?vue&type=template&id=fae5bece&
<s> [webpack.Progress] 40% building 78/129 modules 51 active /root/social-network/vue-social/node_modules/vue-loader/lib/loaders/pitcher.js??ref--4!/root/social-network/vue-social/node_modules/vue-style-loader/index.js??ref--6-oneOf-1-0!/root/social-network/vue-social/node_modules/css-loader/dist/cjs.js??ref--6-oneOf-1-1!/root/social-network/vue-social/node_modules/postcss-loader/src/index.js??ref--6-oneOf-1-2!/root/social-network/vue-social/node_modules/cache-loader/dist/cjs.js??ref--0-0!/root/social-network/vue-social/node_modules/vue-loader/lib/index.js??vue-loader-options!/root/social-network/vue-social/node_modules/eslint-loader/index.js??ref--13-0!/root/social-network/vue-social/src/views/Login.vue?vue&type=style&index=0&id=26084dc2&scoped=true&lang=css&
<s> [webpack.Progress] 40% building 79/129 modules 50 active /root/social-network/vue-social/node_modules/cache-loader/dist/cjs.js?{"cacheDirectory":"node_modules/.cache/vue-loader","cacheIdentifier":"73ff0edd-vue-loader-template"}!/root/social-network/vue-social/node_modules/vue-loader/lib/loaders/templateLoader.js??vue-loader-options!/root/social-network/vue-social/node_modules/cache-loader/dist/cjs.js??ref--0-0!/root/social-network/vue-social/node_modules/vue-loader/lib/index.js??vue-loader-options!/root/social-network/vue-social/src/views/Home.vue?vue&type=template&id=fae5bece&
<s> [webpack.Progress] 40% building 79/130 modules 51 active /root/social-network/vue-social/node_modules/cache-loader/dist/cjs.js??ref--12-0!/root/social-network/vue-social/node_modules/babel-loader/lib/index.js!/root/social-network/vue-social/node_modules/cache-loader/dist/cjs.js??ref--0-0!/root/social-network/vue-social/node_modules/vue-loader/lib/index.js??vue-loader-options!/root/social-network/vue-social/src/views/Login.vue?vue&type=script&lang=js&
<s> [webpack.Progress] 40% building 79/131 modules 52 active /root/social-network/vue-social/node_modules/cache-loader/dist/cjs.js?{"cacheDirectory":"node_modules/.cache/vue-loader","cacheIdentifier":"73ff0edd-vue-loader-template"}!/root/social-network/vue-social/node_modules/vue-loader/lib/loaders/templateLoader.js??vue-loader-options!/root/social-network/vue-social/node_modules/cache-loader/dist/cjs.js??ref--0-0!/root/social-network/vue-social/node_modules/vue-loader/lib/index.js??vue-loader-options!/root/social-network/vue-social/src/views/Login.vue?vue&type=template&id=26084dc2&scoped=true&
<s> [webpack.Progress] 40% building 79/132 modules 53 active /root/social-network/vue-social/node_modules/vue-style-loader/index.js??ref--6-oneOf-1-0!/root/social-network/vue-social/node_modules/css-loader/dist/cjs.js??ref--6-oneOf-1-1!/root/social-network/vue-social/node_modules/vue-loader/lib/loaders/stylePostLoader.js!/root/social-network/vue-social/node_modules/postcss-loader/src/index.js??ref--6-oneOf-1-2!/root/social-network/vue-social/node_modules/cache-loader/dist/cjs.js??ref--0-0!/root/social-network/vue-social/node_modules/vue-loader/lib/index.js??vue-loader-options!/root/social-network/vue-social/src/views/Login.vue?vue&type=style&index=0&id=26084dc2&scoped=true&lang=css&
<s> [webpack.Progress] 40% building 80/132 modules 52 active /root/social-network/vue-social/node_modules/cache-loader/dist/cjs.js?{"cacheDirectory":"node_modules/.cache/vue-loader","cacheIdentifier":"73ff0edd-vue-loader-template"}!/root/social-network/vue-social/node_modules/vue-loader/lib/loaders/templateLoader.js??vue-loader-options!/root/social-network/vue-social/node_modules/cache-loader/dist/cjs.js??ref--0-0!/root/social-network/vue-social/node_modules/vue-loader/lib/index.js??vue-loader-options!/root/social-network/vue-social/src/views/Login.vue?vue&type=template&id=26084dc2&scoped=true&
<s> [webpack.Progress] 40% building 80/133 modules 53 active /root/social-network/vue-social/node_modules/css-loader/dist/cjs.js??ref--6-oneOf-1-1!/root/social-network/vue-social/node_modules/vue-loader/lib/loaders/stylePostLoader.js!/root/social-network/vue-social/node_modules/postcss-loader/src/index.js??ref--6-oneOf-1-2!/root/social-network/vue-social/node_modules/cache-loader/dist/cjs.js??ref--0-0!/root/social-network/vue-social/node_modules/vue-loader/lib/index.js??vue-loader-options!/root/social-network/vue-social/src/views/Login.vue?vue&type=style&index=0&id=26084dc2&scoped=true&lang=css&
<s> [webpack.Progress] 40% building 81/133 modules 52 active /root/social-network/vue-social/node_modules/css-loader/dist/cjs.js??ref--6-oneOf-1-1!/root/social-network/vue-social/node_modules/vue-loader/lib/loaders/stylePostLoader.js!/root/social-network/vue-social/node_modules/postcss-loader/src/index.js??ref--6-oneOf-1-2!/root/social-network/vue-social/node_modules/cache-loader/dist/cjs.js??ref--0-0!/root/social-network/vue-social/node_modules/vue-loader/lib/index.js??vue-loader-options!/root/social-network/vue-social/src/views/Login.vue?vue&type=style&index=0&id=26084dc2&scoped=true&lang=css&
<s> [webpack.Progress] 40% building 81/134 modules 53 active /root/social-network/vue-social/node_modules/vue-loader/lib/loaders/pitcher.js??ref--4!/root/social-network/vue-social/node_modules/cache-loader/dist/cjs.js??ref--0-0!/root/social-network/vue-social/node_modules/vue-loader/lib/index.js??vue-loader-options!/root/social-network/vue-social/node_modules/eslint-loader/index.js??ref--13-0!/root/social-network/vue-social/src/views/SignUp.vue?vue&type=template&id=6f83b81c&scoped=true&
<s> [webpack.Progress] 40% building 82/134 modules 52 active /root/social-network/vue-social/node_modules/css-loader/dist/cjs.js??ref--6-oneOf-1-1!/root/social-network/vue-social/node_modules/vue-loader/lib/loaders/stylePostLoader.js!/root/social-network/vue-social/node_modules/postcss-loader/src/index.js??ref--6-oneOf-1-2!/root/social-network/vue-social/node_modules/cache-loader/dist/cjs.js??ref--0-0!/root/social-network/vue-social/node_modules/vue-loader/lib/index.js??vue-loader-options!/root/social-network/vue-social/src/views/Login.vue?vue&type=style&index=0&id=26084dc2&scoped=true&lang=css&
<s> [webpack.Progress] 40% building 82/135 modules 53 active /root/social-network/vue-social/node_modules/vue-loader/lib/loaders/pitcher.js??ref--4!/root/social-network/vue-social/node_modules/cache-loader/dist/cjs.js??ref--12-0!/root/social-network/vue-social/node_modules/babel-loader/lib/index.js!/root/social-network/vue-social/node_modules/cache-loader/dist/cjs.js??ref--0-0!/root/social-network/vue-social/node_modules/vue-loader/lib/index.js??vue-loader-options!/root/social-network/vue-social/node_modules/eslint-loader/index.js??ref--13-0!/root/social-network/vue-social/node_modules/eslint-loader/index.js??ref--13-0!/root/social-network/vue-social/src/views/SignUp.vue?vue&type=script&lang=js&
<s> [webpack.Progress] 40% building 83/135 modules 52 active /root/social-network/vue-social/node_modules/css-loader/dist/cjs.js??ref--6-oneOf-1-1!/root/social-network/vue-social/node_modules/vue-loader/lib/loaders/stylePostLoader.js!/root/social-network/vue-social/node_modules/postcss-loader/src/index.js??ref--6-oneOf-1-2!/root/social-network/vue-social/node_modules/cache-loader/dist/cjs.js??ref--0-0!/root/social-network/vue-social/node_modules/vue-loader/lib/index.js??vue-loader-options!/root/social-network/vue-social/src/views/Login.vue?vue&type=style&index=0&id=26084dc2&scoped=true&lang=css&
<s> [webpack.Progress] 40% building 83/136 modules 53 active /root/social-network/vue-social/node_modules/vue-loader/lib/loaders/pitcher.js??ref--4!/root/social-network/vue-social/node_modules/vue-style-loader/index.js??ref--6-oneOf-1-0!/root/social-network/vue-social/node_modules/css-loader/dist/cjs.js??ref--6-oneOf-1-1!/root/social-network/vue-social/node_modules/postcss-loader/src/index.js??ref--6-oneOf-1-2!/root/social-network/vue-social/node_modules/cache-loader/dist/cjs.js??ref--0-0!/root/social-network/vue-social/node_modules/vue-loader/lib/index.js??vue-loader-options!/root/social-network/vue-social/node_modules/eslint-loader/index.js??ref--13-0!/root/social-network/vue-social/src/views/SignUp.vue?vue&type=style&index=0&id=6f83b81c&scoped=true&lang=css&
<s> [webpack.Progress] 40% building 84/136 modules 52 active /root/social-network/vue-social/node_modules/css-loader/dist/cjs.js??ref--6-oneOf-1-1!/root/social-network/vue-social/node_modules/vue-loader/lib/loaders/stylePostLoader.js!/root/social-network/vue-social/node_modules/postcss-loader/src/index.js??ref--6-oneOf-1-2!/root/social-network/vue-social/node_modules/cache-loader/dist/cjs.js??ref--0-0!/root/social-network/vue-social/node_modules/vue-loader/lib/index.js??vue-loader-options!/root/social-network/vue-social/src/views/Login.vue?vue&type=style&index=0&id=26084dc2&scoped=true&lang=css&
<s> [webpack.Progress] 40% building 84/137 modules 53 active /root/social-network/vue-social/node_modules/cache-loader/dist/cjs.js??ref--12-0!/root/social-network/vue-social/node_modules/babel-loader/lib/index.js!/root/social-network/vue-social/node_modules/cache-loader/dist/cjs.js??ref--0-0!/root/social-network/vue-social/node_modules/vue-loader/lib/index.js??vue-loader-options!/root/social-network/vue-social/src/views/SignUp.vue?vue&type=script&lang=js&
<s> [webpack.Progress] 40% building 84/138 modules 54 active /root/social-network/vue-social/node_modules/cache-loader/dist/cjs.js?{"cacheDirectory":"node_modules/.cache/vue-loader","cacheIdentifier":"73ff0edd-vue-loader-template"}!/root/social-network/vue-social/node_modules/vue-loader/lib/loaders/templateLoader.js??vue-loader-options!/root/social-network/vue-social/node_modules/cache-loader/dist/cjs.js??ref--0-0!/root/social-network/vue-social/node_modules/vue-loader/lib/index.js??vue-loader-options!/root/social-network/vue-social/src/views/SignUp.vue?vue&type=template&id=6f83b81c&scoped=true&
<s> [webpack.Progress] 40% building 84/139 modules 55 active /root/social-network/vue-social/node_modules/vue-style-loader/index.js??ref--6-oneOf-1-0!/root/social-network/vue-social/node_modules/css-loader/dist/cjs.js??ref--6-oneOf-1-1!/root/social-network/vue-social/node_modules/vue-loader/lib/loaders/stylePostLoader.js!/root/social-network/vue-social/node_modules/postcss-loader/src/index.js??ref--6-oneOf-1-2!/root/social-network/vue-social/node_modules/cache-loader/dist/cjs.js??ref--0-0!/root/social-network/vue-social/node_modules/vue-loader/lib/index.js??vue-loader-options!/root/social-network/vue-social/src/views/SignUp.vue?vue&type=style&index=0&id=6f83b81c&scoped=true&lang=css&
<s> [webpack.Progress] 40% building 85/139 modules 54 active /root/social-network/vue-social/node_modules/cache-loader/dist/cjs.js?{"cacheDirectory":"node_modules/.cache/vue-loader","cacheIdentifier":"73ff0edd-vue-loader-template"}!/root/social-network/vue-social/node_modules/vue-loader/lib/loaders/templateLoader.js??vue-loader-options!/root/social-network/vue-social/node_modules/cache-loader/dist/cjs.js??ref--0-0!/root/social-network/vue-social/node_modules/vue-loader/lib/index.js??vue-loader-options!/root/social-network/vue-social/src/views/SignUp.vue?vue&type=template&id=6f83b81c&scoped=true&
<s> [webpack.Progress] 40% building 85/140 modules 55 active /root/social-network/vue-social/node_modules/css-loader/dist/cjs.js??ref--6-oneOf-1-1!/root/social-network/vue-social/node_modules/vue-loader/lib/loaders/stylePostLoader.js!/root/social-network/vue-social/node_modules/postcss-loader/src/index.js??ref--6-oneOf-1-2!/root/social-network/vue-social/node_modules/cache-loader/dist/cjs.js??ref--0-0!/root/social-network/vue-social/node_modules/vue-loader/lib/index.js??vue-loader-options!/root/social-network/vue-social/src/views/SignUp.vue?vue&type=style&index=0&id=6f83b81c&scoped=true&lang=css&
<s> [webpack.Progress] 40% building 86/140 modules 54 active /root/social-network/vue-social/node_modules/css-loader/dist/cjs.js??ref--6-oneOf-1-1!/root/social-network/vue-social/node_modules/vue-loader/lib/loaders/stylePostLoader.js!/root/social-network/vue-social/node_modules/postcss-loader/src/index.js??ref--6-oneOf-1-2!/root/social-network/vue-social/node_modules/cache-loader/dist/cjs.js??ref--0-0!/root/social-network/vue-social/node_modules/vue-loader/lib/index.js??vue-loader-options!/root/social-network/vue-social/src/views/SignUp.vue?vue&type=style&index=0&id=6f83b81c&scoped=true&lang=css&
<s> [webpack.Progress] 40% building 86/141 modules 55 active /root/social-network/vue-social/node_modules/vue-loader/lib/loaders/pitcher.js??ref--4!/root/social-network/vue-social/node_modules/cache-loader/dist/cjs.js??ref--0-0!/root/social-network/vue-social/node_modules/vue-loader/lib/index.js??vue-loader-options!/root/social-network/vue-social/node_modules/eslint-loader/index.js??ref--13-0!/root/social-network/vue-social/src/views/About.vue?vue&type=template&id=039c5b43&
<s> [webpack.Progress] 40% building 87/141 modules 54 active /root/social-network/vue-social/node_modules/css-loader/dist/cjs.js??ref--6-oneOf-1-1!/root/social-network/vue-social/node_modules/vue-loader/lib/loaders/stylePostLoader.js!/root/social-network/vue-social/node_modules/postcss-loader/src/index.js??ref--6-oneOf-1-2!/root/social-network/vue-social/node_modules/cache-loader/dist/cjs.js??ref--0-0!/root/social-network/vue-social/node_modules/vue-loader/lib/index.js??vue-loader-options!/root/social-network/vue-social/src/views/SignUp.vue?vue&type=style&index=0&id=6f83b81c&scoped=true&lang=css&
<s> [webpack.Progress] 40% building 87/142 modules 55 active /root/social-network/vue-social/node_modules/cache-loader/dist/cjs.js?{"cacheDirectory":"node_modules/.cache/vue-loader","cacheIdentifier":"73ff0edd-vue-loader-template"}!/root/social-network/vue-social/node_modules/vue-loader/lib/loaders/templateLoader.js??vue-loader-options!/root/social-network/vue-social/node_modules/cache-loader/dist/cjs.js??ref--0-0!/root/social-network/vue-social/node_modules/vue-loader/lib/index.js??vue-loader-options!/root/social-network/vue-social/src/views/About.vue?vue&type=template&id=039c5b43&
<s> [webpack.Progress] 40% building 88/142 modules 54 active /root/social-network/vue-social/node_modules/cache-loader/dist/cjs.js?{"cacheDirectory":"node_modules/.cache/vue-loader","cacheIdentifier":"73ff0edd-vue-loader-template"}!/root/social-network/vue-social/node_modules/vue-loader/lib/loaders/templateLoader.js??vue-loader-options!/root/social-network/vue-social/node_modules/cache-loader/dist/cjs.js??ref--0-0!/root/social-network/vue-social/node_modules/vue-loader/lib/index.js??vue-loader-options!/root/social-network/vue-social/src/views/About.vue?vue&type=template&id=039c5b43&
<s> [webpack.Progress] 40% building 89/142 modules 53 active /root/social-network/vue-social/node_modules/cache-loader/dist/cjs.js?{"cacheDirectory":"node_modules/.cache/vue-loader","cacheIdentifier":"73ff0edd-vue-loader-template"}!/root/social-network/vue-social/node_modules/vue-loader/lib/loaders/templateLoader.js??vue-loader-options!/root/social-network/vue-social/node_modules/cache-loader/dist/cjs.js??ref--0-0!/root/social-network/vue-social/node_modules/vue-loader/lib/index.js??vue-loader-options!/root/social-network/vue-social/src/views/About.vue?vue&type=template&id=039c5b43&
<s> [webpack.Progress] 40% building 89/143 modules 54 active /root/social-network/vue-social/node_modules/loglevel/lib/loglevel.js
<s> [webpack.Progress] 40% building 89/144 modules 55 active /root/social-network/vue-social/node_modules/node-libs-browser/node_modules/punycode/punycode.js
<s> [webpack.Progress] 40% building 89/145 modules 56 active /root/social-network/vue-social/node_modules/css-loader/dist/runtime/api.js
<s> [webpack.Progress] 40% building 90/145 modules 55 active /root/social-network/vue-social/node_modules/css-loader/dist/runtime/api.js
<s> [webpack.Progress] 40% building 91/145 modules 54 active /root/social-network/vue-social/node_modules/css-loader/dist/runtime/api.js
<s> [webpack.Progress] 40% building 92/145 modules 53 active /root/social-network/vue-social/node_modules/css-loader/dist/runtime/api.js
<s> [webpack.Progress] 40% building 93/145 modules 52 active /root/social-network/vue-social/node_modules/css-loader/dist/runtime/api.js
<s> [webpack.Progress] 40% building 94/145 modules 51 active /root/social-network/vue-social/node_modules/css-loader/dist/runtime/api.js
<s> [webpack.Progress] 40% building 95/145 modules 50 active /root/social-network/vue-social/node_modules/css-loader/dist/runtime/api.js
<s> [webpack.Progress] 40% building 96/145 modules 49 active /root/social-network/vue-social/node_modules/css-loader/dist/runtime/api.js
<s> [webpack.Progress] 40% building 97/145 modules 48 active /root/social-network/vue-social/node_modules/css-loader/dist/runtime/api.js
<s> [webpack.Progress] 40% building 98/145 modules 47 active /root/social-network/vue-social/node_modules/css-loader/dist/runtime/api.js
<s> [webpack.Progress] 40% building 99/145 modules 46 active /root/social-network/vue-social/node_modules/css-loader/dist/runtime/api.js
<s> [webpack.Progress] 40% building 100/145 modules 45 active /root/social-network/vue-social/node_modules/css-loader/dist/runtime/api.js
<s> [webpack.Progress] 40% building 101/145 modules 44 active /root/social-network/vue-social/node_modules/css-loader/dist/runtime/api.js
<s> [webpack.Progress] 40% building 102/145 modules 43 active /root/social-network/vue-social/node_modules/css-loader/dist/runtime/api.js
<s> [webpack.Progress] 40% building 103/145 modules 42 active /root/social-network/vue-social/node_modules/css-loader/dist/runtime/api.js
<s> [webpack.Progress] 40% building 104/145 modules 41 active /root/social-network/vue-social/node_modules/css-loader/dist/runtime/api.js
<s> [webpack.Progress] 40% building 105/145 modules 40 active /root/social-network/vue-social/node_modules/css-loader/dist/runtime/api.js
<s> [webpack.Progress] 40% building 106/145 modules 39 active /root/social-network/vue-social/node_modules/css-loader/dist/runtime/api.js
<s> [webpack.Progress] 40% building 107/145 modules 38 active /root/social-network/vue-social/node_modules/css-loader/dist/runtime/api.js
<s> [webpack.Progress] 40% building 108/145 modules 37 active /root/social-network/vue-social/node_modules/css-loader/dist/runtime/api.js
<s> [webpack.Progress] 40% building 109/145 modules 36 active /root/social-network/vue-social/node_modules/css-loader/dist/runtime/api.js
<s> [webpack.Progress] 40% building 110/145 modules 35 active /root/social-network/vue-social/node_modules/css-loader/dist/runtime/api.js
<s> [webpack.Progress] 40% building 111/145 modules 34 active /root/social-network/vue-social/node_modules/css-loader/dist/runtime/api.js
<s> [webpack.Progress] 40% building 112/145 modules 33 active /root/social-network/vue-social/node_modules/css-loader/dist/runtime/api.js
<s> [webpack.Progress] 40% building 113/145 modules 32 active /root/social-network/vue-social/node_modules/css-loader/dist/runtime/api.js
<s> [webpack.Progress] 40% building 114/145 modules 31 active /root/social-network/vue-social/node_modules/css-loader/dist/runtime/api.js
<s> [webpack.Progress] 40% building 115/145 modules 30 active /root/social-network/vue-social/node_modules/css-loader/dist/runtime/api.js
<s> [webpack.Progress] 40% building 116/145 modules 29 active /root/social-network/vue-social/node_modules/css-loader/dist/runtime/api.js
<s> [webpack.Progress] 40% building 117/145 modules 28 active /root/social-network/vue-social/node_modules/css-loader/dist/runtime/api.js
<s> [webpack.Progress] 40% building 118/145 modules 27 active /root/social-network/vue-social/node_modules/css-loader/dist/runtime/api.js
<s> [webpack.Progress] 40% building 119/145 modules 26 active /root/social-network/vue-social/node_modules/css-loader/dist/runtime/api.js
<s> [webpack.Progress] 40% building 120/145 modules 25 active /root/social-network/vue-social/node_modules/css-loader/dist/runtime/api.js
<s> [webpack.Progress] 40% building 121/145 modules 24 active /root/social-network/vue-social/node_modules/css-loader/dist/runtime/api.js
<s> [webpack.Progress] 40% building 122/145 modules 23 active /root/social-network/vue-social/node_modules/css-loader/dist/runtime/api.js
<s> [webpack.Progress] 40% building 123/145 modules 22 active /root/social-network/vue-social/node_modules/css-loader/dist/runtime/api.js
<s> [webpack.Progress] 40% building 124/145 modules 21 active /root/social-network/vue-social/node_modules/css-loader/dist/runtime/api.js
<s> [webpack.Progress] 40% building 125/145 modules 20 active /root/social-network/vue-social/node_modules/css-loader/dist/runtime/api.js
<s> [webpack.Progress] 40% building 126/145 modules 19 active /root/social-network/vue-social/node_modules/css-loader/dist/runtime/api.js
<s> [webpack.Progress] 40% building 127/145 modules 18 active /root/social-network/vue-social/node_modules/css-loader/dist/runtime/api.js
<s> [webpack.Progress] 40% building 128/145 modules 17 active /root/social-network/vue-social/node_modules/css-loader/dist/runtime/api.js
<s> [webpack.Progress] 40% building 129/145 modules 16 active /root/social-network/vue-social/node_modules/css-loader/dist/runtime/api.js
<s> [webpack.Progress] 40% building 130/145 modules 15 active /root/social-network/vue-social/node_modules/css-loader/dist/runtime/api.js
<s> [webpack.Progress] 40% building 130/146 modules 16 active /root/social-network/vue-social/node_modules/sockjs-client/dist/sockjs.js
<s> [webpack.Progress] 40% building 131/146 modules 15 active /root/social-network/vue-social/node_modules/sockjs-client/dist/sockjs.js
<s> [webpack.Progress] 40% building 132/146 modules 14 active /root/social-network/vue-social/node_modules/sockjs-client/dist/sockjs.js
<s> [webpack.Progress] 40% building 133/146 modules 13 active /root/social-network/vue-social/node_modules/sockjs-client/dist/sockjs.js
<s> [webpack.Progress] 40% building 134/146 modules 12 active /root/social-network/vue-social/node_modules/sockjs-client/dist/sockjs.js
<s> [webpack.Progress] 40% building 135/146 modules 11 active /root/social-network/vue-social/node_modules/sockjs-client/dist/sockjs.js
<s> [webpack.Progress] 40% building 136/146 modules 10 active /root/social-network/vue-social/node_modules/sockjs-client/dist/sockjs.js
<s> [webpack.Progress] 40% building 137/146 modules 9 active /root/social-network/vue-social/node_modules/sockjs-client/dist/sockjs.js
<s> [webpack.Progress] 40% building 138/146 modules 8 active /root/social-network/vue-social/node_modules/sockjs-client/dist/sockjs.js
<s> [webpack.Progress] 40% building 139/146 modules 7 active /root/social-network/vue-social/node_modules/sockjs-client/dist/sockjs.js
<s> [webpack.Progress] 40% building 140/146 modules 6 active /root/social-network/vue-social/node_modules/sockjs-client/dist/sockjs.js
<s> [webpack.Progress] 40% building 141/146 modules 5 active /root/social-network/vue-social/node_modules/sockjs-client/dist/sockjs.js
<s> [webpack.Progress] 40% building 142/146 modules 4 active /root/social-network/vue-social/node_modules/sockjs-client/dist/sockjs.js
<s> [webpack.Progress] 40% building 142/147 modules 5 active /root/social-network/vue-social/node_modules/core-js/internals/dom-iterables.js
<s> [webpack.Progress] 40% building 142/148 modules 6 active /root/social-network/vue-social/node_modules/core-js/internals/to-string-tag-support.js
<s> [webpack.Progress] 40% building 142/149 modules 7 active /root/social-network/vue-social/node_modules/core-js/internals/object-to-string.js
<s> [webpack.Progress] 40% building 142/150 modules 8 active /root/social-network/vue-social/node_modules/core-js/internals/string-multibyte.js
<s> [webpack.Progress] 40% building 143/150 modules 7 active /root/social-network/vue-social/node_modules/core-js/internals/string-multibyte.js
<s> [webpack.Progress] 40% building 144/150 modules 6 active /root/social-network/vue-social/node_modules/core-js/internals/string-multibyte.js
<s> [webpack.Progress] 40% building 145/150 modules 5 active /root/social-network/vue-social/node_modules/core-js/internals/string-multibyte.js
<s> [webpack.Progress] 40% building 145/151 modules 6 active /root/social-network/vue-social/node_modules/core-js/modules/es.string.replace.js
<s> [webpack.Progress] 40% building 145/152 modules 7 active /root/social-network/vue-social/node_modules/core-js/modules/es.regexp.exec.js
<s> [webpack.Progress] 40% building 145/153 modules 8 active /root/social-network/vue-social/node_modules/vue-style-loader/lib/listToStyles.js
<s> [webpack.Progress] 40% building 145/154 modules 9 active /root/social-network/vue-social/node_modules/core-js/internals/object-define-properties.js
<s> [webpack.Progress] 40% building 145/155 modules 10 active /root/social-network/vue-social/node_modules/core-js/internals/enum-bug-keys.js
<s> [webpack.Progress] 40% building 145/156 modules 11 active /root/social-network/vue-social/node_modules/core-js/internals/ie8-dom-define.js
<s> [webpack.Progress] 40% building 145/157 modules 12 active /root/social-network/vue-social/node_modules/core-js/internals/to-primitive.js
<s> [webpack.Progress] 40% building 145/158 modules 13 active /root/social-network/vue-social/node_modules/core-js/internals/object-keys-internal.js
<s> [webpack.Progress] 40% building 145/159 modules 14 active /root/social-network/vue-social/node_modules/core-js/internals/create-property-descriptor.js
<s> [webpack.Progress] 40% building 145/160 modules 15 active /root/social-network/vue-social/node_modules/core-js/internals/correct-prototype-getter.js
<s> [webpack.Progress] 40% building 145/161 modules 16 active /root/social-network/vue-social/node_modules/core-js/internals/a-possible-prototype.js
<s> [webpack.Progress] 40% building 145/162 modules 17 active /root/social-network/vue-social/node_modules/core-js/internals/own-keys.js
<s> [webpack.Progress] 40% building 145/163 modules 18 active /root/social-network/vue-social/node_modules/core-js/internals/to-integer.js
<s> [webpack.Progress] 40% building 145/164 modules 19 active /root/social-network/vue-social/node_modules/core-js/internals/classof.js
<s> [webpack.Progress] 40% building 145/165 modules 20 active /root/social-network/vue-social/node_modules/webpack/buildin/module.js
<s> [webpack.Progress] 40% building 145/166 modules 21 active /root/social-network/vue-social/node_modules/cache-loader/dist/cjs.js??ref--0-0!/root/social-network/vue-social/node_modules/vue-loader/lib/index.js??vue-loader-options!/root/social-network/vue-social/node_modules/eslint-loader/index.js??ref--13-0!/root/social-network/vue-social/src/components/HelloWorld.vue
<s> [webpack.Progress] 40% building 146/166 modules 20 active /root/social-network/vue-social/node_modules/cache-loader/dist/cjs.js??ref--0-0!/root/social-network/vue-social/node_modules/vue-loader/lib/index.js??vue-loader-options!/root/social-network/vue-social/node_modules/eslint-loader/index.js??ref--13-0!/root/social-network/vue-social/src/components/HelloWorld.vue
<s> [webpack.Progress] 40% building 147/166 modules 19 active /root/social-network/vue-social/node_modules/cache-loader/dist/cjs.js??ref--0-0!/root/social-network/vue-social/node_modules/vue-loader/lib/index.js??vue-loader-options!/root/social-network/vue-social/node_modules/eslint-loader/index.js??ref--13-0!/root/social-network/vue-social/src/components/HelloWorld.vue
<s> [webpack.Progress] 40% building 148/166 modules 18 active /root/social-network/vue-social/node_modules/cache-loader/dist/cjs.js??ref--0-0!/root/social-network/vue-social/node_modules/vue-loader/lib/index.js??vue-loader-options!/root/social-network/vue-social/node_modules/eslint-loader/index.js??ref--13-0!/root/social-network/vue-social/src/components/HelloWorld.vue
<s> [webpack.Progress] 40% building 149/166 modules 17 active /root/social-network/vue-social/node_modules/cache-loader/dist/cjs.js??ref--0-0!/root/social-network/vue-social/node_modules/vue-loader/lib/index.js??vue-loader-options!/root/social-network/vue-social/node_modules/eslint-loader/index.js??ref--13-0!/root/social-network/vue-social/src/components/HelloWorld.vue
<s> [webpack.Progress] 40% building 149/167 modules 18 active /root/social-network/vue-social/node_modules/html-entities/lib/xml-entities.js
<s> [webpack.Progress] 40% building 149/168 modules 19 active /root/social-network/vue-social/node_modules/html-entities/lib/html4-entities.js
<s> [webpack.Progress] 40% building 149/169 modules 20 active /root/social-network/vue-social/node_modules/html-entities/lib/html5-entities.js
<s> [webpack.Progress] 40% building 149/170 modules 21 active /root/social-network/vue-social/node_modules/querystring-es3/decode.js
<s> [webpack.Progress] 40% building 149/171 modules 22 active /root/social-network/vue-social/node_modules/querystring-es3/encode.js
<s> [webpack.Progress] 40% building 150/171 modules 21 active /root/social-network/vue-social/node_modules/querystring-es3/encode.js
<s> [webpack.Progress] 40% building 151/171 modules 20 active /root/social-network/vue-social/node_modules/querystring-es3/encode.js
<s> [webpack.Progress] 40% building 152/171 modules 19 active /root/social-network/vue-social/node_modules/querystring-es3/encode.js
<s> [webpack.Progress] 40% building 153/171 modules 18 active /root/social-network/vue-social/node_modules/querystring-es3/encode.js
<s> [webpack.Progress] 40% building 154/171 modules 17 active /root/social-network/vue-social/node_modules/querystring-es3/encode.js
<s> [webpack.Progress] 40% building 155/171 modules 16 active /root/social-network/vue-social/node_modules/querystring-es3/encode.js
<s> [webpack.Progress] 40% building 156/171 modules 15 active /root/social-network/vue-social/node_modules/querystring-es3/encode.js
<s> [webpack.Progress] 40% building 157/171 modules 14 active /root/social-network/vue-social/node_modules/querystring-es3/encode.js
<s> [webpack.Progress] 40% building 158/171 modules 13 active /root/social-network/vue-social/node_modules/querystring-es3/encode.js
<s> [webpack.Progress] 40% building 159/171 modules 12 active /root/social-network/vue-social/node_modules/querystring-es3/encode.js
<s> [webpack.Progress] 40% building 160/171 modules 11 active /root/social-network/vue-social/node_modules/querystring-es3/encode.js
<s> [webpack.Progress] 40% building 161/171 modules 10 active /root/social-network/vue-social/node_modules/querystring-es3/encode.js
<s> [webpack.Progress] 40% building 162/171 modules 9 active /root/social-network/vue-social/node_modules/querystring-es3/encode.js
<s> [webpack.Progress] 40% building 162/172 modules 10 active /root/social-network/vue-social/node_modules/vue-loader/lib/loaders/pitcher.js??ref--4!/root/social-network/vue-social/node_modules/cache-loader/dist/cjs.js??ref--0-0!/root/social-network/vue-social/node_modules/vue-loader/lib/index.js??vue-loader-options!/root/social-network/vue-social/node_modules/eslint-loader/index.js??ref--13-0!/root/social-network/vue-social/src/components/HelloWorld.vue?vue&type=template&id=469af010&scoped=true&
<s> [webpack.Progress] 40% building 163/172 modules 9 active /root/social-network/vue-social/node_modules/querystring-es3/encode.js
<s> [webpack.Progress] 40% building 163/173 modules 10 active /root/social-network/vue-social/node_modules/vue-loader/lib/loaders/pitcher.js??ref--4!/root/social-network/vue-social/node_modules/cache-loader/dist/cjs.js??ref--12-0!/root/social-network/vue-social/node_modules/babel-loader/lib/index.js!/root/social-network/vue-social/node_modules/cache-loader/dist/cjs.js??ref--0-0!/root/social-network/vue-social/node_modules/vue-loader/lib/index.js??vue-loader-options!/root/social-network/vue-social/node_modules/eslint-loader/index.js??ref--13-0!/root/social-network/vue-social/node_modules/eslint-loader/index.js??ref--13-0!/root/social-network/vue-social/src/components/HelloWorld.vue?vue&type=script&lang=js&
<s> [webpack.Progress] 40% building 164/173 modules 9 active /root/social-network/vue-social/node_modules/querystring-es3/encode.js
<s> [webpack.Progress] 40% building 164/174 modules 10 active /root/social-network/vue-social/node_modules/vue-loader/lib/loaders/pitcher.js??ref--4!/root/social-network/vue-social/node_modules/vue-style-loader/index.js??ref--6-oneOf-1-0!/root/social-network/vue-social/node_modules/css-loader/dist/cjs.js??ref--6-oneOf-1-1!/root/social-network/vue-social/node_modules/postcss-loader/src/index.js??ref--6-oneOf-1-2!/root/social-network/vue-social/node_modules/cache-loader/dist/cjs.js??ref--0-0!/root/social-network/vue-social/node_modules/vue-loader/lib/index.js??vue-loader-options!/root/social-network/vue-social/node_modules/eslint-loader/index.js??ref--13-0!/root/social-network/vue-social/src/components/HelloWorld.vue?vue&type=style&index=0&id=469af010&scoped=true&lang=css&
<s> [webpack.Progress] 40% building 165/174 modules 9 active /root/social-network/vue-social/node_modules/querystring-es3/encode.js
<s> [webpack.Progress] 40% building 165/175 modules 10 active /root/social-network/vue-social/node_modules/cache-loader/dist/cjs.js??ref--12-0!/root/social-network/vue-social/node_modules/babel-loader/lib/index.js!/root/social-network/vue-social/node_modules/cache-loader/dist/cjs.js??ref--0-0!/root/social-network/vue-social/node_modules/vue-loader/lib/index.js??vue-loader-options!/root/social-network/vue-social/src/components/HelloWorld.vue?vue&type=script&lang=js&
<s> [webpack.Progress] 40% building 165/176 modules 11 active /root/social-network/vue-social/node_modules/cache-loader/dist/cjs.js?{"cacheDirectory":"node_modules/.cache/vue-loader","cacheIdentifier":"73ff0edd-vue-loader-template"}!/root/social-network/vue-social/node_modules/vue-loader/lib/loaders/templateLoader.js??vue-loader-options!/root/social-network/vue-social/node_modules/cache-loader/dist/cjs.js??ref--0-0!/root/social-network/vue-social/node_modules/vue-loader/lib/index.js??vue-loader-options!/root/social-network/vue-social/src/components/HelloWorld.vue?vue&type=template&id=469af010&scoped=true&
<s> [webpack.Progress] 40% building 165/177 modules 12 active /root/social-network/vue-social/node_modules/vue-style-loader/index.js??ref--6-oneOf-1-0!/root/social-network/vue-social/node_modules/css-loader/dist/cjs.js??ref--6-oneOf-1-1!/root/social-network/vue-social/node_modules/vue-loader/lib/loaders/stylePostLoader.js!/root/social-network/vue-social/node_modules/postcss-loader/src/index.js??ref--6-oneOf-1-2!/root/social-network/vue-social/node_modules/cache-loader/dist/cjs.js??ref--0-0!/root/social-network/vue-social/node_modules/vue-loader/lib/index.js??vue-loader-options!/root/social-network/vue-social/src/components/HelloWorld.vue?vue&type=style&index=0&id=469af010&scoped=true&lang=css&
<s> [webpack.Progress] 40% building 166/177 modules 11 active /root/social-network/vue-social/node_modules/cache-loader/dist/cjs.js?{"cacheDirectory":"node_modules/.cache/vue-loader","cacheIdentifier":"73ff0edd-vue-loader-template"}!/root/social-network/vue-social/node_modules/vue-loader/lib/loaders/templateLoader.js??vue-loader-options!/root/social-network/vue-social/node_modules/cache-loader/dist/cjs.js??ref--0-0!/root/social-network/vue-social/node_modules/vue-loader/lib/index.js??vue-loader-options!/root/social-network/vue-social/src/components/HelloWorld.vue?vue&type=template&id=469af010&scoped=true&
<s> [webpack.Progress] 40% building 166/178 modules 12 active /root/social-network/vue-social/node_modules/css-loader/dist/cjs.js??ref--6-oneOf-1-1!/root/social-network/vue-social/node_modules/vue-loader/lib/loaders/stylePostLoader.js!/root/social-network/vue-social/node_modules/postcss-loader/src/index.js??ref--6-oneOf-1-2!/root/social-network/vue-social/node_modules/cache-loader/dist/cjs.js??ref--0-0!/root/social-network/vue-social/node_modules/vue-loader/lib/index.js??vue-loader-options!/root/social-network/vue-social/src/components/HelloWorld.vue?vue&type=style&index=0&id=469af010&scoped=true&lang=css&
<s> [webpack.Progress] 40% building 167/178 modules 11 active /root/social-network/vue-social/node_modules/css-loader/dist/cjs.js??ref--6-oneOf-1-1!/root/social-network/vue-social/node_modules/vue-loader/lib/loaders/stylePostLoader.js!/root/social-network/vue-social/node_modules/postcss-loader/src/index.js??ref--6-oneOf-1-2!/root/social-network/vue-social/node_modules/cache-loader/dist/cjs.js??ref--0-0!/root/social-network/vue-social/node_modules/vue-loader/lib/index.js??vue-loader-options!/root/social-network/vue-social/src/components/HelloWorld.vue?vue&type=style&index=0&id=469af010&scoped=true&lang=css&
<s> [webpack.Progress] 40% building 168/178 modules 10 active /root/social-network/vue-social/node_modules/css-loader/dist/cjs.js??ref--6-oneOf-1-1!/root/social-network/vue-social/node_modules/vue-loader/lib/loaders/stylePostLoader.js!/root/social-network/vue-social/node_modules/postcss-loader/src/index.js??ref--6-oneOf-1-2!/root/social-network/vue-social/node_modules/cache-loader/dist/cjs.js??ref--0-0!/root/social-network/vue-social/node_modules/vue-loader/lib/index.js??vue-loader-options!/root/social-network/vue-social/src/components/HelloWorld.vue?vue&type=style&index=0&id=469af010&scoped=true&lang=css&
<s> [webpack.Progress] 40% building 169/178 modules 9 active /root/social-network/vue-social/node_modules/css-loader/dist/cjs.js??ref--6-oneOf-1-1!/root/social-network/vue-social/node_modules/vue-loader/lib/loaders/stylePostLoader.js!/root/social-network/vue-social/node_modules/postcss-loader/src/index.js??ref--6-oneOf-1-2!/root/social-network/vue-social/node_modules/cache-loader/dist/cjs.js??ref--0-0!/root/social-network/vue-social/node_modules/vue-loader/lib/index.js??vue-loader-options!/root/social-network/vue-social/src/components/HelloWorld.vue?vue&type=style&index=0&id=469af010&scoped=true&lang=css&
<s> [webpack.Progress] 40% building 170/178 modules 8 active /root/social-network/vue-social/node_modules/css-loader/dist/cjs.js??ref--6-oneOf-1-1!/root/social-network/vue-social/node_modules/vue-loader/lib/loaders/stylePostLoader.js!/root/social-network/vue-social/node_modules/postcss-loader/src/index.js??ref--6-oneOf-1-2!/root/social-network/vue-social/node_modules/cache-loader/dist/cjs.js??ref--0-0!/root/social-network/vue-social/node_modules/vue-loader/lib/index.js??vue-loader-options!/root/social-network/vue-social/src/components/HelloWorld.vue?vue&type=style&index=0&id=469af010&scoped=true&lang=css&
<s> [webpack.Progress] 40% building 171/178 modules 7 active /root/social-network/vue-social/node_modules/css-loader/dist/cjs.js??ref--6-oneOf-1-1!/root/social-network/vue-social/node_modules/vue-loader/lib/loaders/stylePostLoader.js!/root/social-network/vue-social/node_modules/postcss-loader/src/index.js??ref--6-oneOf-1-2!/root/social-network/vue-social/node_modules/cache-loader/dist/cjs.js??ref--0-0!/root/social-network/vue-social/node_modules/vue-loader/lib/index.js??vue-loader-options!/root/social-network/vue-social/src/components/HelloWorld.vue?vue&type=style&index=0&id=469af010&scoped=true&lang=css&
<s> [webpack.Progress] 40% building 172/178 modules 6 active /root/social-network/vue-social/node_modules/css-loader/dist/cjs.js??ref--6-oneOf-1-1!/root/social-network/vue-social/node_modules/vue-loader/lib/loaders/stylePostLoader.js!/root/social-network/vue-social/node_modules/postcss-loader/src/index.js??ref--6-oneOf-1-2!/root/social-network/vue-social/node_modules/cache-loader/dist/cjs.js??ref--0-0!/root/social-network/vue-social/node_modules/vue-loader/lib/index.js??vue-loader-options!/root/social-network/vue-social/src/components/HelloWorld.vue?vue&type=style&index=0&id=469af010&scoped=true&lang=css&
<s> [webpack.Progress] 40% building 173/178 modules 5 active /root/social-network/vue-social/node_modules/css-loader/dist/cjs.js??ref--6-oneOf-1-1!/root/social-network/vue-social/node_modules/vue-loader/lib/loaders/stylePostLoader.js!/root/social-network/vue-social/node_modules/postcss-loader/src/index.js??ref--6-oneOf-1-2!/root/social-network/vue-social/node_modules/cache-loader/dist/cjs.js??ref--0-0!/root/social-network/vue-social/node_modules/vue-loader/lib/index.js??vue-loader-options!/root/social-network/vue-social/src/components/HelloWorld.vue?vue&type=style&index=0&id=469af010&scoped=true&lang=css&
<s> [webpack.Progress] 40% building 173/179 modules 6 active /root/social-network/vue-social/node_modules/vue-router/dist/vue-router.esm.js
<s> [webpack.Progress] 40% building 174/179 modules 5 active /root/social-network/vue-social/node_modules/vue-router/dist/vue-router.esm.js
<s> [webpack.Progress] 40% building 175/179 modules 4 active /root/social-network/vue-social/node_modules/vue-router/dist/vue-router.esm.js
<s> [webpack.Progress] 40% building 176/179 modules 3 active /root/social-network/vue-social/node_modules/vue-router/dist/vue-router.esm.js
<s> [webpack.Progress] 40% building 176/180 modules 4 active /root/social-network/vue-social/node_modules/url-loader/dist/cjs.js??ref--1-0!/root/social-network/vue-social/src/assets/logo.png
<s> [webpack.Progress] 40% building 176/181 modules 5 active /root/social-network/vue-social/node_modules/core-js/internals/fix-regexp-well-known-symbol-logic.js
<s> [webpack.Progress] 40% building 176/182 modules 6 active /root/social-network/vue-social/node_modules/core-js/internals/advance-string-index.js
<s> [webpack.Progress] 40% building 176/183 modules 7 active /root/social-network/vue-social/node_modules/core-js/internals/get-substitution.js
<s> [webpack.Progress] 40% building 176/184 modules 8 active /root/social-network/vue-social/node_modules/core-js/internals/regexp-exec-abstract.js
<s> [webpack.Progress] 40% building 176/185 modules 9 active /root/social-network/vue-social/node_modules/core-js/internals/regexp-exec.js
<s> [webpack.Progress] 40% building 176/186 modules 10 active /root/social-network/vue-social/node_modules/core-js/internals/array-includes.js
<s> [webpack.Progress] 40% building 176/187 modules 11 active /root/social-network/vue-social/node_modules/core-js/internals/object-get-own-property-names.js
<s> [webpack.Progress] 40% building 177/187 modules 10 active /root/social-network/vue-social/node_modules/core-js/internals/object-get-own-property-names.js
<s> [webpack.Progress] 40% building 177/188 modules 11 active /root/social-network/vue-social/node_modules/html-entities/lib/surrogate-pairs.js
<s> [webpack.Progress] 40% building 178/188 modules 10 active /root/social-network/vue-social/node_modules/html-entities/lib/surrogate-pairs.js
<s> [webpack.Progress] 40% building 179/188 modules 9 active /root/social-network/vue-social/node_modules/html-entities/lib/surrogate-pairs.js
<s> [webpack.Progress] 40% building 180/188 modules 8 active /root/social-network/vue-social/node_modules/html-entities/lib/surrogate-pairs.js
<s> [webpack.Progress] 40% building 181/188 modules 7 active /root/social-network/vue-social/node_modules/html-entities/lib/surrogate-pairs.js
<s> [webpack.Progress] 40% building 182/188 modules 6 active /root/social-network/vue-social/node_modules/html-entities/lib/surrogate-pairs.js
<s> [webpack.Progress] 40% building 183/188 modules 5 active /root/social-network/vue-social/node_modules/html-entities/lib/surrogate-pairs.js
<s> [webpack.Progress] 40% building 183/189 modules 6 active /root/social-network/vue-social/node_modules/webpack-dev-server/node_modules/ansi-regex/index.js
<s> [webpack.Progress] 40% building 184/189 modules 5 active /root/social-network/vue-social/node_modules/webpack-dev-server/node_modules/ansi-regex/index.js
<s> [webpack.Progress] 40% building 185/189 modules 4 active /root/social-network/vue-social/node_modules/webpack-dev-server/node_modules/ansi-regex/index.js
<s> [webpack.Progress] 40% building 186/189 modules 3 active /root/social-network/vue-social/node_modules/webpack-dev-server/node_modules/ansi-regex/index.js
<s> [webpack.Progress] 40% building 187/189 modules 2 active /root/social-network/vue-social/node_modules/vue-router/dist/vue-router.esm.js
<s> [webpack.Progress] 40% building 187/190 modules 3 active /root/social-network/vue-social/node_modules/@firebase/app/dist/index.esm.js
<s> [webpack.Progress] 40% building 187/191 modules 4 active /root/social-network/vue-social/node_modules/@firebase/auth/dist/auth.esm.js
<s> [webpack.Progress] 40% building 187/192 modules 5 active /root/social-network/vue-social/node_modules/@firebase/database/dist/index.esm.js
<s> [webpack.Progress] 40% building 187/193 modules 6 active /root/social-network/vue-social/node_modules/@firebase/functions/dist/index.esm.js
<s> [webpack.Progress] 40% building 187/194 modules 7 active /root/social-network/vue-social/node_modules/@firebase/messaging/dist/index.esm.js
<s> [webpack.Progress] 40% building 187/195 modules 8 active /root/social-network/vue-social/node_modules/@firebase/storage/dist/index.esm.js
<s> [webpack.Progress] 40% building 187/196 modules 9 active /root/social-network/vue-social/node_modules/@firebase/performance/dist/index.esm.js
<s> [webpack.Progress] 40% building 187/197 modules 10 active /root/social-network/vue-social/node_modules/@firebase/analytics/dist/index.esm.js
<s> [webpack.Progress] 40% building 187/198 modules 11 active /root/social-network/vue-social/node_modules/@firebase/remote-config/dist/index.esm.js
<s> [webpack.Progress] 40% building 188/198 modules 10 active /root/social-network/vue-social/node_modules/@firebase/remote-config/dist/index.esm.js
<s> [webpack.Progress] 40% building 188/199 modules 11 active /root/social-network/vue-social/node_modules/core-js/internals/regexp-flags.js
<s> [webpack.Progress] 40% building 188/200 modules 12 active /root/social-network/vue-social/node_modules/core-js/internals/regexp-sticky-helpers.js
<s> [webpack.Progress] 40% building 189/200 modules 11 active /root/social-network/vue-social/node_modules/core-js/internals/regexp-sticky-helpers.js
<s> [webpack.Progress] 40% building 189/201 modules 12 active /root/social-network/vue-social/node_modules/@firebase/firestore/dist/esm5/index.js
<s> [webpack.Progress] 40% building 189/202 modules 13 active /root/social-network/vue-social/node_modules/@firebase/firestore/dist/esm5/bundle.js
<s> [webpack.Progress] 40% building 189/203 modules 14 active /root/social-network/vue-social/node_modules/core-js/internals/to-absolute-index.js
<s> [webpack.Progress] 40% building 190/203 modules 13 active /root/social-network/vue-social/node_modules/core-js/internals/to-absolute-index.js
<s> [webpack.Progress] 40% building 191/203 modules 12 active /root/social-network/vue-social/node_modules/core-js/internals/to-absolute-index.js
<s> [webpack.Progress] 40% building 192/203 modules 11 active /root/social-network/vue-social/node_modules/core-js/internals/to-absolute-index.js
<s> [webpack.Progress] 40% building 193/203 modules 10 active /root/social-network/vue-social/node_modules/core-js/internals/to-absolute-index.js
<s> [webpack.Progress] 40% building 194/203 modules 9 active /root/social-network/vue-social/node_modules/@firebase/remote-config/dist/index.esm.js
<s> [webpack.Progress] 40% building 195/203 modules 8 active /root/social-network/vue-social/node_modules/@firebase/remote-config/dist/index.esm.js
<s> [webpack.Progress] 40% building 196/203 modules 7 active /root/social-network/vue-social/node_modules/@firebase/remote-config/dist/index.esm.js
<s> [webpack.Progress] 40% building 196/204 modules 8 active /root/social-network/vue-social/node_modules/@firebase/firestore/dist/esm5/prebuilt-e065c69d-7a321be7.js
<s> [webpack.Progress] 40% building 197/204 modules 7 active /root/social-network/vue-social/node_modules/@firebase/firestore/dist/esm5/prebuilt-e065c69d-7a321be7.js
<s> [webpack.Progress] 40% building 198/204 modules 6 active /root/social-network/vue-social/node_modules/@firebase/firestore/dist/esm5/prebuilt-e065c69d-7a321be7.js
<s> [webpack.Progress] 40% building 199/204 modules 5 active /root/social-network/vue-social/node_modules/@firebase/firestore/dist/esm5/prebuilt-e065c69d-7a321be7.js
<s> [webpack.Progress] 40% building 200/204 modules 4 active /root/social-network/vue-social/node_modules/@firebase/firestore/dist/esm5/prebuilt-e065c69d-7a321be7.js
<s> [webpack.Progress] 40% building 201/204 modules 3 active /root/social-network/vue-social/node_modules/@firebase/firestore/dist/esm5/prebuilt-e065c69d-7a321be7.js
<s> [webpack.Progress] 40% building 202/204 modules 2 active /root/social-network/vue-social/node_modules/@firebase/firestore/dist/esm5/prebuilt-e065c69d-7a321be7.js
<s> [webpack.Progress] 40% building 202/205 modules 3 active /root/social-network/vue-social/node_modules/@firebase/logger/dist/index.esm.js
<s> [webpack.Progress] 40% building 202/206 modules 4 active /root/social-network/vue-social/node_modules/@firebase/util/dist/index.esm.js
<s> [webpack.Progress] 40% building 202/207 modules 5 active /root/social-network/vue-social/node_modules/@firebase/webchannel-wrapper/dist/index.esm.js
<s> [webpack.Progress] 40% building 202/208 modules 6 active /root/social-network/vue-social/node_modules/@firebase/component/dist/index.esm.js
<s> [webpack.Progress] 40% building 202/209 modules 7 active /root/social-network/vue-social/node_modules/@firebase/firestore/node_modules/tslib/tslib.es6.js
<s> [webpack.Progress] 40% building 202/210 modules 8 active /root/social-network/vue-social/node_modules/@firebase/app/node_modules/tslib/tslib.es6.js
<s> [webpack.Progress] 40% building 202/211 modules 9 active /root/social-network/vue-social/node_modules/@firebase/functions/node_modules/tslib/tslib.es6.js
<s> [webpack.Progress] 40% building 202/212 modules 10 active /root/social-network/vue-social/node_modules/@firebase/installations/dist/index.esm.js
<s> [webpack.Progress] 40% building 203/212 modules 9 active /root/social-network/vue-social/node_modules/@firebase/installations/dist/index.esm.js
<s> [webpack.Progress] 40% building 204/212 modules 8 active /root/social-network/vue-social/node_modules/@firebase/installations/dist/index.esm.js
<s> [webpack.Progress] 40% building 204/213 modules 9 active /root/social-network/vue-social/node_modules/@firebase/analytics/node_modules/tslib/tslib.es6.js
<s> [webpack.Progress] 40% building 204/214 modules 10 active /root/social-network/vue-social/node_modules/@firebase/remote-config/node_modules/tslib/tslib.es6.js
<s> [webpack.Progress] 40% building 205/214 modules 9 active /root/social-network/vue-social/node_modules/@firebase/remote-config/node_modules/tslib/tslib.es6.js
<s> [webpack.Progress] 40% building 205/215 modules 10 active /root/social-network/vue-social/node_modules/@firebase/performance/node_modules/tslib/tslib.es6.js
<s> [webpack.Progress] 40% building 205/216 modules 11 active /root/social-network/vue-social/node_modules/idb/build/idb.js
<s> [webpack.Progress] 40% building 206/216 modules 10 active /root/social-network/vue-social/node_modules/idb/build/idb.js
<s> [webpack.Progress] 40% building 207/216 modules 9 active /root/social-network/vue-social/node_modules/idb/build/idb.js
<s> [webpack.Progress] 40% building 207/217 modules 10 active /root/social-network/vue-social/node_modules/@firebase/messaging/node_modules/tslib/tslib.es6.js
<s> [webpack.Progress] 40% building 208/217 modules 9 active /root/social-network/vue-social/node_modules/@firebase/messaging/node_modules/tslib/tslib.es6.js
<s> [webpack.Progress] 40% building 209/217 modules 8 active /root/social-network/vue-social/node_modules/@firebase/messaging/node_modules/tslib/tslib.es6.js
<s> [webpack.Progress] 40% building 210/217 modules 7 active /root/social-network/vue-social/node_modules/@firebase/messaging/node_modules/tslib/tslib.es6.js
<s> [webpack.Progress] 40% building 211/217 modules 6 active /root/social-network/vue-social/node_modules/@firebase/messaging/node_modules/tslib/tslib.es6.js
<s> [webpack.Progress] 40% building 212/217 modules 5 active /root/social-network/vue-social/node_modules/@firebase/messaging/node_modules/tslib/tslib.es6.js
<s> [webpack.Progress] 40% building 213/217 modules 4 active /root/social-network/vue-social/node_modules/@firebase/messaging/node_modules/tslib/tslib.es6.js
<s> [webpack.Progress] 40% building 214/217 modules 3 active /root/social-network/vue-social/node_modules/@firebase/installations/dist/index.esm.js
<s> [webpack.Progress] 40% building 215/217 modules 2 active /root/social-network/vue-social/node_modules/@firebase/firestore/dist/esm5/prebuilt-e065c69d-7a321be7.js
<s> [webpack.Progress] 40% building 215/218 modules 3 active /root/social-network/vue-social/node_modules/@firebase/storage/node_modules/tslib/tslib.es6.js
<s> [webpack.Progress] 40% building 216/218 modules 2 active /root/social-network/vue-social/node_modules/@firebase/firestore/dist/esm5/prebuilt-e065c69d-7a321be7.js
<s> [webpack.Progress] 40% building 216/219 modules 3 active /root/social-network/vue-social/node_modules/@firebase/component/node_modules/tslib/tslib.es6.js
<s> [webpack.Progress] 40% building 217/219 modules 2 active /root/social-network/vue-social/node_modules/@firebase/firestore/dist/esm5/prebuilt-e065c69d-7a321be7.js
<s> [webpack.Progress] 40% building 217/220 modules 3 active /root/social-network/vue-social/node_modules/@firebase/util/node_modules/tslib/tslib.es6.js
<s> [webpack.Progress] 40% building 217/221 modules 4 active /root/social-network/vue-social/node_modules/@firebase/installations/node_modules/tslib/tslib.es6.js
<s> [webpack.Progress] 40% building 218/221 modules 3 active /root/social-network/vue-social/node_modules/@firebase/installations/node_modules/tslib/tslib.es6.js
<s> [webpack.Progress] 40% building 219/221 modules 2 active /root/social-network/vue-social/node_modules/@firebase/installations/node_modules/tslib/tslib.es6.js
<s> [webpack.Progress] 40% building 220/221 modules 1 active /root/social-network/vue-social/node_modules/@firebase/firestore/dist/esm5/prebuilt-e065c69d-7a321be7.js
<s> [webpack.Progress] 40% building 220/222 modules 2 active /root/social-network/vue-social/node_modules/webpack/buildin/harmony-module.js
<s> [webpack.Progress] 40% building 221/222 modules 1 active /root/social-network/vue-social/node_modules/@firebase/firestore/dist/esm5/prebuilt-e065c69d-7a321be7.js
<s> [webpack.Progress] 40% building 221/223 modules 2 active /root/social-network/vue-social/node_modules/node-libs-browser/mock/process.js
<s> [webpack.Progress] 40% building 222/223 modules 1 active /root/social-network/vue-social/node_modules/@firebase/firestore/dist/esm5/prebuilt-e065c69d-7a321be7.js
<s> [webpack.Progress] 40% building 222/224 modules 2 active /root/social-network/vue-social/node_modules/path-browserify/index.js
<s> [webpack.Progress] 40% building 222/225 modules 3 active /root/social-network/vue-social/node_modules/@firebase/database/node_modules/tslib/tslib.es6.js
<s> [webpack.Progress] 40% building 223/225 modules 2 active /root/social-network/vue-social/node_modules/@firebase/database/node_modules/tslib/tslib.es6.js
<s> [webpack.Progress] 40% building 224/225 modules 1 active /root/social-network/vue-social/node_modules/@firebase/database/node_modules/tslib/tslib.es6.js
<s> [webpack.Progress] 40% building 225/225 modules 0 active 
<s> [webpack.Progress] 70% building 225/225 modules 0 active 
<s> [webpack.Progress] 70% finish module graph
<s> [webpack.Progress] 70% finish module graph FlagDependencyExportsPlugin
<s> [webpack.Progress] 70% sealing
<s> [webpack.Progress] 70% sealing WarnCaseSensitiveModulesPlugin
<s> [webpack.Progress] 72% basic dependencies optimization
<s> [webpack.Progress] 72% dependencies optimization
<s> [webpack.Progress] 73% advanced dependencies optimization
<s> [webpack.Progress] 73% after dependencies optimization
<s> [webpack.Progress] 71% chunk graph
<s> [webpack.Progress] 71% after chunk graph
<s> [webpack.Progress] 71% after chunk graph WebAssemblyModulesPlugin
<s> [webpack.Progress] 74% optimizing
<s> [webpack.Progress] 74% basic module optimization
<s> [webpack.Progress] 75% module optimization
<s> [webpack.Progress] 75% advanced module optimization
<s> [webpack.Progress] 76% after module optimization
<s> [webpack.Progress] 76% basic chunk optimization
<s> [webpack.Progress] 76% basic chunk optimization EnsureChunkConditionsPlugin
<s> [webpack.Progress] 76% basic chunk optimization RemoveEmptyChunksPlugin
<s> [webpack.Progress] 76% basic chunk optimization MergeDuplicateChunksPlugin
<s> [webpack.Progress] 77% chunk optimization
<s> [webpack.Progress] 77% advanced chunk optimization
<s> [webpack.Progress] 77% advanced chunk optimization SplitChunksPlugin
<s> [webpack.Progress] 77% advanced chunk optimization RemoveEmptyChunksPlugin
<s> [webpack.Progress] 77% after chunk optimization
<s> [webpack.Progress] 78% module and chunk tree optimization
<s> [webpack.Progress] 78% after module and chunk tree optimization
<s> [webpack.Progress] 79% basic chunk modules optimization
<s> [webpack.Progress] 80% chunk modules optimization
<s> [webpack.Progress] 80% advanced chunk modules optimization
<s> [webpack.Progress] 81% after chunk modules optimization
<s> [webpack.Progress] 81% module reviving
<s> [webpack.Progress] 81% module reviving RecordIdsPlugin
<s> [webpack.Progress] 82% module order optimization
<s> [webpack.Progress] 82% advanced module order optimization
<s> [webpack.Progress] 83% before module ids
<s> [webpack.Progress] 83% before module ids NamedModulesPlugin
<s> [webpack.Progress] 83% module ids
<s> [webpack.Progress] 84% module id optimization
<s> [webpack.Progress] 84% module id optimization
<s> [webpack.Progress] 85% chunk reviving
<s> [webpack.Progress] 85% chunk reviving RecordIdsPlugin
<s> [webpack.Progress] 85% chunk order optimization
<s> [webpack.Progress] 85% chunk order optimization OccurrenceOrderChunkIdsPlugin
<s> [webpack.Progress] 86% before chunk ids
<s> [webpack.Progress] 86% before chunk ids NamedChunksPlugin
<s> [webpack.Progress] 86% chunk id optimization
<s> [webpack.Progress] 87% after chunk id optimization
<s> [webpack.Progress] 87% record modules
<s> [webpack.Progress] 87% record modules RecordIdsPlugin
<s> [webpack.Progress] 87% record chunks
<s> [webpack.Progress] 87% record chunks RecordIdsPlugin
<s> [webpack.Progress] 88% hashing
<s> [webpack.Progress] 88% after hashing
<s> [webpack.Progress] 88% after hashing HotModuleReplacementPlugin
<s> [webpack.Progress] 89% record hash
<s> [webpack.Progress] 89% module assets processing
<s> [webpack.Progress] 90% chunk assets processing
<s> [webpack.Progress] 90% additional chunk assets processing
<s> [webpack.Progress] 90% additional chunk assets processing HotModuleReplacementPlugin
<s> [webpack.Progress] 91% recording
<s> [webpack.Progress] 91% recording HotModuleReplacementPlugin
<s> [webpack.Progress] 92% additional asset processing
<s> [webpack.Progress] 92% chunk asset optimization
<s> [webpack.Progress] 93% after chunk asset optimization
<s> [webpack.Progress] 93% asset optimization
<s> [webpack.Progress] 94% after asset optimization
<s> [webpack.Progress] 94% after seal
<s> [webpack.Progress] 95% emitting
<s> [webpack.Progress] 95% emitting HtmlWebpackPlugin
<s> [webpack.Progress] 95% emitting CopyPlugin
<s> [webpack.Progress] 98% after emitting
<s> [webpack.Progress] 98% after emitting CopyPlugin
 DONE  Compiled successfully in 3989ms7:14:36 AM

<s> [webpack.Progress] 100% 


  App running at:
  - Local:   http://localhost:8081/ 
  - Network: unavailable

  Note that the development build is not optimized.
  To create a production build, run npm run build.

